03-Sep-2021 16:00:40.239 Д©║Ф│╞ [main] org.apache.catalina.startup.VersionLoggerListener.log Server.ц╕б°б█ц╔б┼б║ц╔б≥б╗ц╖б┴б┬ц╕б°б╛: Apache Tomcat/@VERSION@
03-Sep-2021 16:00:40.245 Д©║Ф│╞ [main] org.apache.catalina.startup.VersionLoggerListener.log ц╕б°б█ц╔б┼б║ц╔б≥б╗ц╕б·б└ц╔б╩б╨:        @VERSION_BUILT@
03-Sep-2021 16:00:40.245 Д©║Ф│╞ [main] org.apache.catalina.startup.VersionLoggerListener.log ц╕б°б█ц╔б┼б║ц╔б≥б╗ц╖б┴б┬ц╕б°б╛ц╔б▐б╥:      @VERSION_NUMBER@
03-Sep-2021 16:00:40.245 Д©║Ф│╞ [main] org.apache.catalina.startup.VersionLoggerListener.log ц╕б⌠б█ц╓б╫б°ц╖бЁб╩ц╖б╩б÷ц╔б░б█ц╖б╖б╟:      Windows 10
03-Sep-2021 16:00:40.245 Д©║Ф│╞ [main] org.apache.catalina.startup.VersionLoggerListener.log OS.ц╖б┴б┬ц╕б°б╛:           10.0
03-Sep-2021 16:00:40.245 Д©║Ф│╞ [main] org.apache.catalina.startup.VersionLoggerListener.log ц╕б·б╤ц╕б·б└:              amd64
03-Sep-2021 16:00:40.245 Д©║Ф│╞ [main] org.apache.catalina.startup.VersionLoggerListener.log Java ц╖б▌б╞ц╔б╒б┐ц╔б▐б≤ц╘б┤б▐:     C:\Users\Chinadaas\Downloads\jdk1.8.0_71\jdk1.8.0_71_bak\jre
03-Sep-2021 16:00:40.245 Д©║Ф│╞ [main] org.apache.catalina.startup.VersionLoggerListener.log Javaц╗б≥б ц╕б▀б÷ц╕б°б╨ц╖б┴б┬ц╕б°б╛:    1.8.0_71-b15
03-Sep-2021 16:00:40.246 Д©║Ф│╞ [main] org.apache.catalina.startup.VersionLoggerListener.log JVM.ц╓б╬б⌡ц╔б╨б■ц╔б∙б├:        Oracle Corporation
03-Sep-2021 16:00:40.246 Д©║Ф│╞ [main] org.apache.catalina.startup.VersionLoggerListener.log CATALINA_BASE:     C:\Users\Chinadaas\test\tomcat\catalina-home
03-Sep-2021 16:00:40.246 Д©║Ф│╞ [main] org.apache.catalina.startup.VersionLoggerListener.log CATALINA_HOME:     C:\Users\Chinadaas\test\tomcat\catalina-home
03-Sep-2021 16:00:40.246 Д©║Ф│╞ [main] org.apache.catalina.startup.VersionLoggerListener.log ц╔б▒б╫ц╓б╩б╓ц╗б║б▄ц╔б▐б┌ц╕б∙б╟ц╞б╪б        -Dvisualvm.id=345681509123700
03-Sep-2021 16:00:40.246 Д©║Ф│╞ [main] org.apache.catalina.startup.VersionLoggerListener.log ц╔б▒б╫ц╓б╩б╓ц╗б║б▄ц╔б▐б┌ц╕б∙б╟ц╞б╪б        -Dcatalina.home=catalina-home
03-Sep-2021 16:00:40.246 Д©║Ф│╞ [main] org.apache.catalina.startup.VersionLoggerListener.log ц╔б▒б╫ц╓б╩б╓ц╗б║б▄ц╔б▐б┌ц╕б∙б╟ц╞б╪б        -Dcatalina.base=catalina-home
03-Sep-2021 16:00:40.246 Д©║Ф│╞ [main] org.apache.catalina.startup.VersionLoggerListener.log ц╔б▒б╫ц╓б╩б╓ц╗б║б▄ц╔б▐б┌ц╕б∙б╟ц╞б╪б        -Djava.endorsed.dirs=catalina-home/endorsed
03-Sep-2021 16:00:40.246 Д©║Ф│╞ [main] org.apache.catalina.startup.VersionLoggerListener.log ц╔б▒б╫ц╓б╩б╓ц╗б║б▄ц╔б▐б┌ц╕б∙б╟ц╞б╪б        -Djava.io.tmpdir=catalina-home/temp
03-Sep-2021 16:00:40.247 Д©║Ф│╞ [main] org.apache.catalina.startup.VersionLoggerListener.log ц╔б▒б╫ц╓б╩б╓ц╗б║б▄ц╔б▐б┌ц╕б∙б╟ц╞б╪б        -Djava.util.logging.manager=org.apache.juli.ClassLoaderLogManager
03-Sep-2021 16:00:40.247 Д©║Ф│╞ [main] org.apache.catalina.startup.VersionLoggerListener.log ц╔б▒б╫ц╓б╩б╓ц╗б║б▄ц╔б▐б┌ц╕б∙б╟ц╞б╪б        -Djava.util.logging.config.file=catalina-home/conf/logging.properties
03-Sep-2021 16:00:40.247 Д©║Ф│╞ [main] org.apache.catalina.startup.VersionLoggerListener.log ц╔б▒б╫ц╓б╩б╓ц╗б║б▄ц╔б▐б┌ц╕б∙б╟ц╞б╪б        -javaagent:C:\Program Files\JetBrains\IntelliJ IDEA 2021.1.3\lib\idea_rt.jar=64688:C:\Program Files\JetBrains\IntelliJ IDEA 2021.1.3\bin
03-Sep-2021 16:00:40.247 Д©║Ф│╞ [main] org.apache.catalina.startup.VersionLoggerListener.log ц╔б▒б╫ц╓б╩б╓ц╗б║б▄ц╔б▐б┌ц╕б∙б╟ц╞б╪б        -Dfile.encoding=UTF-8
03-Sep-2021 16:00:40.247 Д©║Ф│╞ [main] org.apache.catalina.core.AprLifecycleListener.lifecycleEvent ц╔б°б╗java.library.path:[C:\Users\Chinadaas\Downloads\jdk1.8.0_71\jdk1.8.0_71_bak\bin;C:\WINDOWS\Sun\Java\bin;C:\WINDOWS\system32;C:\WINDOWS;C:\WINDOWS\system32;C:\WINDOWS;C:\WINDOWS\System32\Wbem;C:\WINDOWS\System32\WindowsPowerShell\v1.0\;C:\WINDOWS\System32\OpenSSH\;C:\Program Files\Git\cmd;C:\Program Files\TortoiseGit\bin;C:\Program Files\Intel\WiFi\bin\;C:\Program Files\Common Files\Intel\WirelessCommon\;C:\Program Files\MySQL\MySQL Server 5.5\bin;C:\Users\Chinadaas\Downloads\apache-maven-3.6.0-bin\apache-maven-3.6.0\bin;C:\Program Files (x86)\Windows Kits\8.1\Windows Performance Toolkit\;C:\Program Files\nodejs\;C:\Program Files\gradle-5.6.4-bin\gradle-5.6.4\bin;C:\Users\Chinadaas\programs\go\bin;C:\Program Files\Java\jdk1.8.0_71_bak\bin;C:\Users\Chinadaas\AppData\Local\Programs\Python\Python39\Scripts\;C:\Users\Chinadaas\AppData\Local\Programs\Python\Python39\;C:\Users\Chinadaas\AppData\Local\Microsoft\WindowsApps;C:\Program Files\Intel\WiFi\bin\;C:\Program Files\Common Files\Intel\WirelessCommon\;C:\Program Files\Java\jdk1.7.0_71\bin;C:\Program Files\Java\jdk1.7.0_71\jre\bin;C:\Program Files\Microsoft VS Code\bin;C:\Users\Chinadaas\AppData\Local\BypassRuntm;C:\Users\Chinadaas\AppData\Local\Microsoft\WindowsApps;C:\Users\Chinadaas\AppData\Roaming\npm;.]ц╓б╦б┼ц╕б┴б╬ц╓б╦б█ц╔б┬б╟ц╔б÷б╨ц╓б╨б▌APRц╖б б└Apache Tomcatц╕б°б╛ц╕б°б╨ц╔б╨б⌠ц╞б╪б▄ц╗б╞б╔ц╔б╨б⌠ц╔б┘б│ц╗б╝б╦ц╔б°б╗ц╖б■б÷ц╓б╨б╖ц╖б▌б╞ц╔б╒б┐ц╓б╦б╜ц╗б▌б╥ц╔б╬б≈ц╕б°б─ц╓б╫бЁц╕б─б╖ц╗б┐б╫
03-Sep-2021 16:00:40.469 Д©║Ф│╞ [main] org.apache.coyote.AbstractProtocol.init ц╔б┬б²ц╔б╖б▀ц╔б▄б√ц╔б█б▐ц╗б╝б╝ц╔б╓б└ц╖б░б├ц╔б≥б╗ ["http-nio-8080"]
03-Sep-2021 16:00:40.525 Д©║Ф│╞ [main] org.apache.tomcat.util.net.NioSelectorPool.getSharedSelector Using a shared selector for servlet write/read
03-Sep-2021 16:00:40.553 Д©║Ф│╞ [main] org.apache.catalina.startup.Catalina.load Initialization processed in 1711 ms
03-Sep-2021 16:00:40.702 Д©║Ф│╞ [main] org.apache.catalina.core.StandardService.startInternal ц╕б╜бёц╔б°б╗ц╔б░б╞ц╔б┼б╗ц╕б°б█ц╔б┼б║[Catalina]
03-Sep-2021 16:00:40.702 Д©║Ф│╞ [main] org.apache.catalina.core.StandardEngine.startInternal ц╕б╜бёц╔б°б╗ц╔б░б╞ц╔б┼б╗ Servlet ц╔б╪б∙ц╕б⌠б▌ц╞б╪б [Apache Tomcat/@VERSION@]
03-Sep-2021 16:00:40.735 Д©║Ф│╞ [localhost-startStop-1] org.apache.catalina.startup.HostConfig.deployDirectory ц╕б┼б┼web ц╔б╨б■ц╖б■б╗ц╖б╗б▀ц╔б╨б▐ц╘б┐б╗ц╖б╫б╡ц╔б┬б╟ц╖б⌡б╝ц╔б╫б∙ [C:\Users\Chinadaas\test\tomcat\catalina-home\webapps\docs]
03-Sep-2021 16:00:41.901 Х╜╕Е▒┼ [localhost-startStop-1] org.apache.catalina.util.SessionIdGeneratorBase.createSecureRandom ц╓б╫б©ц╖б■б╗[SHA1PRNG]ц╔б┬б⌡ц╔б╩б╨ц╓б╪б ц╗б╞б²IDц╖б■б÷ц╕б┬б░ц╖б б└SecureRandomц╔б╝б·ц╓б╬б▀ц╗б┼б╠ц╗б╢б╧ц╓б╨б├[188]ц╕б╞б╚ц╖б╖б▓цёб─б┌
03-Sep-2021 16:00:42.049 Д©║Ф│╞ [localhost-startStop-1] org.apache.catalina.startup.HostConfig.deployDirectory Webц╔б╨б■ц╖б■б╗ц╖б╗б▀ц╔б╨б▐ц╖б⌡б╝ц╔б╫б∙[C:\Users\Chinadaas\test\tomcat\catalina-home\webapps\docs]ц╖б б└ц╘б┐б╗ц╖б╫б╡ц╔б╥б╡ц╔б°б╗[1,314]ц╕б╞б╚ц╖б╖б▓ц╔б├б┘ц╔б╝б▄ц╕б┬б░
03-Sep-2021 16:00:42.049 Д©║Ф│╞ [localhost-startStop-1] org.apache.catalina.startup.HostConfig.deployDirectory ц╕б┼б┼web ц╔б╨б■ц╖б■б╗ц╖б╗б▀ц╔б╨б▐ц╘б┐б╗ц╖б╫б╡ц╔б┬б╟ц╖б⌡б╝ц╔б╫б∙ [C:\Users\Chinadaas\test\tomcat\catalina-home\webapps\examples]
03-Sep-2021 16:00:42.318 Д╦╔И┤█ [localhost-startStop-1] org.apache.catalina.core.StandardContext.startInternal ц╓б╦б─ц╓б╦б╙ц╕б┬б√ц╔б╓б ц╓б╦б╙listenersц╔б░б╞ц╔б┼б╗ц╔б╓б╠ц╗б╢б╔ц╞б╪б▄ц╕б⌡б╢ц╔б╓б ц╗б╞б╕ц╖б╩б├ц╓б©б║ц╕б│б╞ц╕б÷б╔ц╖б°б▀ц╔б╞б╧ц╔б╨б■ц╖б б└ц╔б╝б╧ц╔б≥б╗ц╕б≈б╔ц╔б©б≈ц╕б√б┤ц╓б╩б╤
03-Sep-2021 16:00:42.319 Д╦╔И┤█ [localhost-startStop-1] org.apache.catalina.core.StandardContext.startInternal ц╖б■б╠ц╓б╨б▌ц╓б╧б▀ц╔б┴б█ц╖б б└ц╘б■б≥ц╗б╞б╞ц╞б╪б▄Context[/examples]ц╔б░б╞ц╔б┼б╗ц╔б╓б╠ц╗б╢б╔
03-Sep-2021 16:00:42.331 Д©║Ф│╞ [localhost-startStop-1] org.apache.catalina.startup.HostConfig.deployDirectory Webц╔б╨б■ц╖б■б╗ц╖б╗б▀ц╔б╨б▐ц╖б⌡б╝ц╔б╫б∙[C:\Users\Chinadaas\test\tomcat\catalina-home\webapps\examples]ц╖б б└ц╘б┐б╗ц╖б╫б╡ц╔б╥б╡ц╔б°б╗[282]ц╕б╞б╚ц╖б╖б▓ц╔б├б┘ц╔б╝б▄ц╕б┬б░
03-Sep-2021 16:00:42.331 Д©║Ф│╞ [localhost-startStop-1] org.apache.catalina.startup.HostConfig.deployDirectory ц╕б┼б┼web ц╔б╨б■ц╖б■б╗ц╖б╗б▀ц╔б╨б▐ц╘б┐б╗ц╖б╫б╡ц╔б┬б╟ц╖б⌡б╝ц╔б╫б∙ [C:\Users\Chinadaas\test\tomcat\catalina-home\webapps\host-manager]
03-Sep-2021 16:00:42.440 Д©║Ф│╞ [localhost-startStop-1] org.apache.catalina.startup.HostConfig.deployDirectory Webц╔б╨б■ц╖б■б╗ц╖б╗б▀ц╔б╨б▐ц╖б⌡б╝ц╔б╫б∙[C:\Users\Chinadaas\test\tomcat\catalina-home\webapps\host-manager]ц╖б б└ц╘б┐б╗ц╖б╫б╡ц╔б╥б╡ц╔б°б╗[109]ц╕б╞б╚ц╖б╖б▓ц╔б├б┘ц╔б╝б▄ц╕б┬б░
03-Sep-2021 16:00:42.440 Д©║Ф│╞ [localhost-startStop-1] org.apache.catalina.startup.HostConfig.deployDirectory ц╕б┼б┼web ц╔б╨б■ц╖б■б╗ц╖б╗б▀ц╔б╨б▐ц╘б┐б╗ц╖б╫б╡ц╔б┬б╟ц╖б⌡б╝ц╔б╫б∙ [C:\Users\Chinadaas\test\tomcat\catalina-home\webapps\manager]
03-Sep-2021 16:00:42.503 Д©║Ф│╞ [localhost-startStop-1] org.apache.catalina.startup.HostConfig.deployDirectory Webц╔б╨б■ц╖б■б╗ц╖б╗б▀ц╔б╨б▐ц╖б⌡б╝ц╔б╫б∙[C:\Users\Chinadaas\test\tomcat\catalina-home\webapps\manager]ц╖б б└ц╘б┐б╗ц╖б╫б╡ц╔б╥б╡ц╔б°б╗[63]ц╕б╞б╚ц╖б╖б▓ц╔б├б┘ц╔б╝б▄ц╕б┬б░
03-Sep-2021 16:00:42.503 Д©║Ф│╞ [localhost-startStop-1] org.apache.catalina.startup.HostConfig.deployDirectory ц╕б┼б┼web ц╔б╨б■ц╖б■б╗ц╖б╗б▀ц╔б╨б▐ц╘б┐б╗ц╖б╫б╡ц╔б┬б╟ц╖б⌡б╝ц╔б╫б∙ [C:\Users\Chinadaas\test\tomcat\catalina-home\webapps\ROOT]
03-Sep-2021 16:00:42.554 Д©║Ф│╞ [localhost-startStop-1] org.apache.catalina.startup.HostConfig.deployDirectory Webц╔б╨б■ц╖б■б╗ц╖б╗б▀ц╔б╨б▐ц╖б⌡б╝ц╔б╫б∙[C:\Users\Chinadaas\test\tomcat\catalina-home\webapps\ROOT]ц╖б б└ц╘б┐б╗ц╖б╫б╡ц╔б╥б╡ц╔б°б╗[51]ц╕б╞б╚ц╖б╖б▓ц╔б├б┘ц╔б╝б▄ц╕б┬б░
03-Sep-2021 16:00:42.568 Д©║Ф│╞ [main] org.apache.coyote.AbstractProtocol.start ц╔б╪б─ц╔б╖б▀ц╔б█б▐ц╗б╝б╝ц╔б╓б└ц╖б░б├ц╔б▐б╔ц╕б÷б└["http-nio-8080"]
03-Sep-2021 16:00:42.631 Д©║Ф│╞ [main] org.apache.catalina.startup.Catalina.start Server startup in 2078 ms
03-Sep-2021 16:07:01.572 Д©║Ф│╞ [main] org.apache.catalina.startup.VersionLoggerListener.log Server.ц╕б°б█ц╔б┼б║ц╔б≥б╗ц╖б┴б┬ц╕б°б╛: Apache Tomcat/@VERSION@
03-Sep-2021 16:07:01.575 Д©║Ф│╞ [main] org.apache.catalina.startup.VersionLoggerListener.log ц╕б°б█ц╔б┼б║ц╔б≥б╗ц╕б·б└ц╔б╩б╨:        @VERSION_BUILT@
03-Sep-2021 16:07:01.575 Д©║Ф│╞ [main] org.apache.catalina.startup.VersionLoggerListener.log ц╕б°б█ц╔б┼б║ц╔б≥б╗ц╖б┴б┬ц╕б°б╛ц╔б▐б╥:      @VERSION_NUMBER@
03-Sep-2021 16:07:01.576 Д©║Ф│╞ [main] org.apache.catalina.startup.VersionLoggerListener.log ц╕б⌠б█ц╓б╫б°ц╖бЁб╩ц╖б╩б÷ц╔б░б█ц╖б╖б╟:      Windows 10
03-Sep-2021 16:07:01.576 Д©║Ф│╞ [main] org.apache.catalina.startup.VersionLoggerListener.log OS.ц╖б┴б┬ц╕б°б╛:           10.0
03-Sep-2021 16:07:01.576 Д©║Ф│╞ [main] org.apache.catalina.startup.VersionLoggerListener.log ц╕б·б╤ц╕б·б└:              amd64
03-Sep-2021 16:07:01.576 Д©║Ф│╞ [main] org.apache.catalina.startup.VersionLoggerListener.log Java ц╖б▌б╞ц╔б╒б┐ц╔б▐б≤ц╘б┤б▐:     C:\Users\Chinadaas\Downloads\jdk1.8.0_71\jdk1.8.0_71_bak\jre
03-Sep-2021 16:07:01.576 Д©║Ф│╞ [main] org.apache.catalina.startup.VersionLoggerListener.log Javaц╗б≥б ц╕б▀б÷ц╕б°б╨ц╖б┴б┬ц╕б°б╛:    1.8.0_71-b15
03-Sep-2021 16:07:01.576 Д©║Ф│╞ [main] org.apache.catalina.startup.VersionLoggerListener.log JVM.ц╓б╬б⌡ц╔б╨б■ц╔б∙б├:        Oracle Corporation
03-Sep-2021 16:07:01.576 Д©║Ф│╞ [main] org.apache.catalina.startup.VersionLoggerListener.log CATALINA_BASE:     C:\Users\Chinadaas\test\tomcat\catalina-home
03-Sep-2021 16:07:01.576 Д©║Ф│╞ [main] org.apache.catalina.startup.VersionLoggerListener.log CATALINA_HOME:     C:\Users\Chinadaas\test\tomcat\catalina-home
03-Sep-2021 16:07:01.577 Д©║Ф│╞ [main] org.apache.catalina.startup.VersionLoggerListener.log ц╔б▒б╫ц╓б╩б╓ц╗б║б▄ц╔б▐б┌ц╕б∙б╟ц╞б╪б        -Dvisualvm.id=346063944474300
03-Sep-2021 16:07:01.577 Д©║Ф│╞ [main] org.apache.catalina.startup.VersionLoggerListener.log ц╔б▒б╫ц╓б╩б╓ц╗б║б▄ц╔б▐б┌ц╕б∙б╟ц╞б╪б        -Dcatalina.home=catalina-home
03-Sep-2021 16:07:01.577 Д©║Ф│╞ [main] org.apache.catalina.startup.VersionLoggerListener.log ц╔б▒б╫ц╓б╩б╓ц╗б║б▄ц╔б▐б┌ц╕б∙б╟ц╞б╪б        -Dcatalina.base=catalina-home
03-Sep-2021 16:07:01.577 Д©║Ф│╞ [main] org.apache.catalina.startup.VersionLoggerListener.log ц╔б▒б╫ц╓б╩б╓ц╗б║б▄ц╔б▐б┌ц╕б∙б╟ц╞б╪б        -Djava.endorsed.dirs=catalina-home/endorsed
03-Sep-2021 16:07:01.577 Д©║Ф│╞ [main] org.apache.catalina.startup.VersionLoggerListener.log ц╔б▒б╫ц╓б╩б╓ц╗б║б▄ц╔б▐б┌ц╕б∙б╟ц╞б╪б        -Djava.io.tmpdir=catalina-home/temp
03-Sep-2021 16:07:01.577 Д©║Ф│╞ [main] org.apache.catalina.startup.VersionLoggerListener.log ц╔б▒б╫ц╓б╩б╓ц╗б║б▄ц╔б▐б┌ц╕б∙б╟ц╞б╪б        -Djava.util.logging.manager=org.apache.juli.ClassLoaderLogManager
03-Sep-2021 16:07:01.577 Д©║Ф│╞ [main] org.apache.catalina.startup.VersionLoggerListener.log ц╔б▒б╫ц╓б╩б╓ц╗б║б▄ц╔б▐б┌ц╕б∙б╟ц╞б╪б        -Djava.util.logging.config.file=catalina-home/conf/logging.properties
03-Sep-2021 16:07:01.577 Д©║Ф│╞ [main] org.apache.catalina.startup.VersionLoggerListener.log ц╔б▒б╫ц╓б╩б╓ц╗б║б▄ц╔б▐б┌ц╕б∙б╟ц╞б╪б        -javaagent:C:\Program Files\JetBrains\IntelliJ IDEA 2021.1.3\lib\idea_rt.jar=60853:C:\Program Files\JetBrains\IntelliJ IDEA 2021.1.3\bin
03-Sep-2021 16:07:01.577 Д©║Ф│╞ [main] org.apache.catalina.startup.VersionLoggerListener.log ц╔б▒б╫ц╓б╩б╓ц╗б║б▄ц╔б▐б┌ц╕б∙б╟ц╞б╪б        -Dfile.encoding=UTF-8
03-Sep-2021 16:07:01.577 Д©║Ф│╞ [main] org.apache.catalina.core.AprLifecycleListener.lifecycleEvent ц╔б°б╗java.library.path:[C:\Users\Chinadaas\Downloads\jdk1.8.0_71\jdk1.8.0_71_bak\bin;C:\WINDOWS\Sun\Java\bin;C:\WINDOWS\system32;C:\WINDOWS;C:\WINDOWS\system32;C:\WINDOWS;C:\WINDOWS\System32\Wbem;C:\WINDOWS\System32\WindowsPowerShell\v1.0\;C:\WINDOWS\System32\OpenSSH\;C:\Program Files\Git\cmd;C:\Program Files\TortoiseGit\bin;C:\Program Files\Intel\WiFi\bin\;C:\Program Files\Common Files\Intel\WirelessCommon\;C:\Program Files\MySQL\MySQL Server 5.5\bin;C:\Users\Chinadaas\Downloads\apache-maven-3.6.0-bin\apache-maven-3.6.0\bin;C:\Program Files (x86)\Windows Kits\8.1\Windows Performance Toolkit\;C:\Program Files\nodejs\;C:\Program Files\gradle-5.6.4-bin\gradle-5.6.4\bin;C:\Users\Chinadaas\programs\go\bin;C:\Program Files\Java\jdk1.8.0_71_bak\bin;C:\Users\Chinadaas\AppData\Local\Programs\Python\Python39\Scripts\;C:\Users\Chinadaas\AppData\Local\Programs\Python\Python39\;C:\Users\Chinadaas\AppData\Local\Microsoft\WindowsApps;C:\Program Files\Intel\WiFi\bin\;C:\Program Files\Common Files\Intel\WirelessCommon\;C:\Program Files\Java\jdk1.7.0_71\bin;C:\Program Files\Java\jdk1.7.0_71\jre\bin;C:\Program Files\Microsoft VS Code\bin;C:\Users\Chinadaas\AppData\Local\BypassRuntm;C:\Users\Chinadaas\AppData\Local\Microsoft\WindowsApps;C:\Users\Chinadaas\AppData\Roaming\npm;.]ц╓б╦б┼ц╕б┴б╬ц╓б╦б█ц╔б┬б╟ц╔б÷б╨ц╓б╨б▌APRц╖б б└Apache Tomcatц╕б°б╛ц╕б°б╨ц╔б╨б⌠ц╞б╪б▄ц╗б╞б╔ц╔б╨б⌠ц╔б┘б│ц╗б╝б╦ц╔б°б╗ц╖б■б÷ц╓б╨б╖ц╖б▌б╞ц╔б╒б┐ц╓б╦б╜ц╗б▌б╥ц╔б╬б≈ц╕б°б─ц╓б╫бЁц╕б─б╖ц╗б┐б╫
03-Sep-2021 16:07:01.657 Д©║Ф│╞ [main] org.apache.coyote.AbstractProtocol.init ц╔б┬б²ц╔б╖б▀ц╔б▄б√ц╔б█б▐ц╗б╝б╝ц╔б╓б└ц╖б░б├ц╔б≥б╗ ["http-nio-8080"]
03-Sep-2021 16:07:01.715 Д©║Ф│╞ [main] org.apache.tomcat.util.net.NioSelectorPool.getSharedSelector Using a shared selector for servlet write/read
03-Sep-2021 16:07:01.726 Д©║Ф│╞ [main] org.apache.catalina.startup.Catalina.load Initialization processed in 513 ms
03-Sep-2021 16:07:01.756 Д©║Ф│╞ [main] org.apache.catalina.core.StandardService.startInternal ц╕б╜бёц╔б°б╗ц╔б░б╞ц╔б┼б╗ц╕б°б█ц╔б┼б║[Catalina]
03-Sep-2021 16:07:01.756 Д©║Ф│╞ [main] org.apache.catalina.core.StandardEngine.startInternal ц╕б╜бёц╔б°б╗ц╔б░б╞ц╔б┼б╗ Servlet ц╔б╪б∙ц╕б⌠б▌ц╞б╪б [Apache Tomcat/@VERSION@]
03-Sep-2021 16:07:01.763 Д©║Ф│╞ [localhost-startStop-1] org.apache.catalina.startup.HostConfig.deployDirectory ц╕б┼б┼web ц╔б╨б■ц╖б■б╗ц╖б╗б▀ц╔б╨б▐ц╘б┐б╗ц╖б╫б╡ц╔б┬б╟ц╖б⌡б╝ц╔б╫б∙ [C:\Users\Chinadaas\test\tomcat\catalina-home\webapps\docs]
03-Sep-2021 16:07:02.293 Х╜╕Е▒┼ [localhost-startStop-1] org.apache.catalina.util.SessionIdGeneratorBase.createSecureRandom ц╓б╫б©ц╖б■б╗[SHA1PRNG]ц╔б┬б⌡ц╔б╩б╨ц╓б╪б ц╗б╞б²IDц╖б■б÷ц╕б┬б░ц╖б б└SecureRandomц╔б╝б·ц╓б╬б▀ц╗б┼б╠ц╗б╢б╧ц╓б╨б├[219]ц╕б╞б╚ц╖б╖б▓цёб─б┌
03-Sep-2021 16:07:02.310 Д©║Ф│╞ [localhost-startStop-1] org.apache.catalina.startup.HostConfig.deployDirectory Webц╔б╨б■ц╖б■б╗ц╖б╗б▀ц╔б╨б▐ц╖б⌡б╝ц╔б╫б∙[C:\Users\Chinadaas\test\tomcat\catalina-home\webapps\docs]ц╖б б└ц╘б┐б╗ц╖б╫б╡ц╔б╥б╡ц╔б°б╗[547]ц╕б╞б╚ц╖б╖б▓ц╔б├б┘ц╔б╝б▄ц╕б┬б░
03-Sep-2021 16:07:02.310 Д©║Ф│╞ [localhost-startStop-1] org.apache.catalina.startup.HostConfig.deployDirectory ц╕б┼б┼web ц╔б╨б■ц╖б■б╗ц╖б╗б▀ц╔б╨б▐ц╘б┐б╗ц╖б╫б╡ц╔б┬б╟ц╖б⌡б╝ц╔б╫б∙ [C:\Users\Chinadaas\test\tomcat\catalina-home\webapps\examples]
03-Sep-2021 16:07:02.379 Д╦╔И┤█ [localhost-startStop-1] org.apache.catalina.core.StandardContext.startInternal ц╓б╦б─ц╓б╦б╙ц╕б┬б√ц╔б╓б ц╓б╦б╙listenersц╔б░б╞ц╔б┼б╗ц╔б╓б╠ц╗б╢б╔ц╞б╪б▄ц╕б⌡б╢ц╔б╓б ц╗б╞б╕ц╖б╩б├ц╓б©б║ц╕б│б╞ц╕б÷б╔ц╖б°б▀ц╔б╞б╧ц╔б╨б■ц╖б б└ц╔б╝б╧ц╔б≥б╗ц╕б≈б╔ц╔б©б≈ц╕б√б┤ц╓б╩б╤
03-Sep-2021 16:07:02.379 Д╦╔И┤█ [localhost-startStop-1] org.apache.catalina.core.StandardContext.startInternal ц╖б■б╠ц╓б╨б▌ц╓б╧б▀ц╔б┴б█ц╖б б└ц╘б■б≥ц╗б╞б╞ц╞б╪б▄Context[/examples]ц╔б░б╞ц╔б┼б╗ц╔б╓б╠ц╗б╢б╔
03-Sep-2021 16:07:02.383 Д©║Ф│╞ [localhost-startStop-1] org.apache.catalina.startup.HostConfig.deployDirectory Webц╔б╨б■ц╖б■б╗ц╖б╗б▀ц╔б╨б▐ц╖б⌡б╝ц╔б╫б∙[C:\Users\Chinadaas\test\tomcat\catalina-home\webapps\examples]ц╖б б└ц╘б┐б╗ц╖б╫б╡ц╔б╥б╡ц╔б°б╗[73]ц╕б╞б╚ц╖б╖б▓ц╔б├б┘ц╔б╝б▄ц╕б┬б░
03-Sep-2021 16:07:02.384 Д©║Ф│╞ [localhost-startStop-1] org.apache.catalina.startup.HostConfig.deployDirectory ц╕б┼б┼web ц╔б╨б■ц╖б■б╗ц╖б╗б▀ц╔б╨б▐ц╘б┐б╗ц╖б╫б╡ц╔б┬б╟ц╖б⌡б╝ц╔б╫б∙ [C:\Users\Chinadaas\test\tomcat\catalina-home\webapps\host-manager]
03-Sep-2021 16:07:02.429 Д©║Ф│╞ [localhost-startStop-1] org.apache.catalina.startup.HostConfig.deployDirectory Webц╔б╨б■ц╖б■б╗ц╖б╗б▀ц╔б╨б▐ц╖б⌡б╝ц╔б╫б∙[C:\Users\Chinadaas\test\tomcat\catalina-home\webapps\host-manager]ц╖б б└ц╘б┐б╗ц╖б╫б╡ц╔б╥б╡ц╔б°б╗[44]ц╕б╞б╚ц╖б╖б▓ц╔б├б┘ц╔б╝б▄ц╕б┬б░
03-Sep-2021 16:07:02.429 Д©║Ф│╞ [localhost-startStop-1] org.apache.catalina.startup.HostConfig.deployDirectory ц╕б┼б┼web ц╔б╨б■ц╖б■б╗ц╖б╗б▀ц╔б╨б▐ц╘б┐б╗ц╖б╫б╡ц╔б┬б╟ц╖б⌡б╝ц╔б╫б∙ [C:\Users\Chinadaas\test\tomcat\catalina-home\webapps\manager]
03-Sep-2021 16:07:02.478 Д©║Ф│╞ [localhost-startStop-1] org.apache.catalina.startup.HostConfig.deployDirectory Webц╔б╨б■ц╖б■б╗ц╖б╗б▀ц╔б╨б▐ц╖б⌡б╝ц╔б╫б∙[C:\Users\Chinadaas\test\tomcat\catalina-home\webapps\manager]ц╖б б└ц╘б┐б╗ц╖б╫б╡ц╔б╥б╡ц╔б°б╗[49]ц╕б╞б╚ц╖б╖б▓ц╔б├б┘ц╔б╝б▄ц╕б┬б░
03-Sep-2021 16:07:02.478 Д©║Ф│╞ [localhost-startStop-1] org.apache.catalina.startup.HostConfig.deployDirectory ц╕б┼б┼web ц╔б╨б■ц╖б■б╗ц╖б╗б▀ц╔б╨б▐ц╘б┐б╗ц╖б╫б╡ц╔б┬б╟ц╖б⌡б╝ц╔б╫б∙ [C:\Users\Chinadaas\test\tomcat\catalina-home\webapps\ROOT]
03-Sep-2021 16:07:02.534 Д©║Ф│╞ [localhost-startStop-1] org.apache.catalina.startup.HostConfig.deployDirectory Webц╔б╨б■ц╖б■б╗ц╖б╗б▀ц╔б╨б▐ц╖б⌡б╝ц╔б╫б∙[C:\Users\Chinadaas\test\tomcat\catalina-home\webapps\ROOT]ц╖б б└ц╘б┐б╗ц╖б╫б╡ц╔б╥б╡ц╔б°б╗[56]ц╕б╞б╚ц╖б╖б▓ц╔б├б┘ц╔б╝б▄ц╕б┬б░
03-Sep-2021 16:07:02.536 Д©║Ф│╞ [main] org.apache.coyote.AbstractProtocol.start ц╔б╪б─ц╔б╖б▀ц╔б█б▐ц╗б╝б╝ц╔б╓б└ц╖б░б├ц╔б▐б╔ц╕б÷б└["http-nio-8080"]
03-Sep-2021 16:07:02.546 Д©║Ф│╞ [main] org.apache.catalina.startup.Catalina.start Server startup in 819 ms
03-Sep-2021 16:09:45.631 Д©║Ф│╞ [main] org.apache.catalina.startup.VersionLoggerListener.log Server.ц╕б°б█ц╔б┼б║ц╔б≥б╗ц╖б┴б┬ц╕б°б╛: Apache Tomcat/@VERSION@
03-Sep-2021 16:09:45.635 Д©║Ф│╞ [main] org.apache.catalina.startup.VersionLoggerListener.log ц╕б°б█ц╔б┼б║ц╔б≥б╗ц╕б·б└ц╔б╩б╨:        @VERSION_BUILT@
03-Sep-2021 16:09:45.635 Д©║Ф│╞ [main] org.apache.catalina.startup.VersionLoggerListener.log ц╕б°б█ц╔б┼б║ц╔б≥б╗ц╖б┴б┬ц╕б°б╛ц╔б▐б╥:      @VERSION_NUMBER@
03-Sep-2021 16:09:45.635 Д©║Ф│╞ [main] org.apache.catalina.startup.VersionLoggerListener.log ц╕б⌠б█ц╓б╫б°ц╖бЁб╩ц╖б╩б÷ц╔б░б█ц╖б╖б╟:      Windows 10
03-Sep-2021 16:09:45.636 Д©║Ф│╞ [main] org.apache.catalina.startup.VersionLoggerListener.log OS.ц╖б┴б┬ц╕б°б╛:           10.0
03-Sep-2021 16:09:45.636 Д©║Ф│╞ [main] org.apache.catalina.startup.VersionLoggerListener.log ц╕б·б╤ц╕б·б└:              amd64
03-Sep-2021 16:09:45.636 Д©║Ф│╞ [main] org.apache.catalina.startup.VersionLoggerListener.log Java ц╖б▌б╞ц╔б╒б┐ц╔б▐б≤ц╘б┤б▐:     C:\Users\Chinadaas\Downloads\jdk1.8.0_71\jdk1.8.0_71_bak\jre
03-Sep-2021 16:09:45.636 Д©║Ф│╞ [main] org.apache.catalina.startup.VersionLoggerListener.log Javaц╗б≥б ц╕б▀б÷ц╕б°б╨ц╖б┴б┬ц╕б°б╛:    1.8.0_71-b15
03-Sep-2021 16:09:45.636 Д©║Ф│╞ [main] org.apache.catalina.startup.VersionLoggerListener.log JVM.ц╓б╬б⌡ц╔б╨б■ц╔б∙б├:        Oracle Corporation
03-Sep-2021 16:09:45.636 Д©║Ф│╞ [main] org.apache.catalina.startup.VersionLoggerListener.log CATALINA_BASE:     C:\Users\Chinadaas\test\tomcat\catalina-home
03-Sep-2021 16:09:45.636 Д©║Ф│╞ [main] org.apache.catalina.startup.VersionLoggerListener.log CATALINA_HOME:     C:\Users\Chinadaas\test\tomcat\catalina-home
03-Sep-2021 16:09:45.636 Д©║Ф│╞ [main] org.apache.catalina.startup.VersionLoggerListener.log ц╔б▒б╫ц╓б╩б╓ц╗б║б▄ц╔б▐б┌ц╕б∙б╟ц╞б╪б        -Dvisualvm.id=346228066536700
03-Sep-2021 16:09:45.636 Д©║Ф│╞ [main] org.apache.catalina.startup.VersionLoggerListener.log ц╔б▒б╫ц╓б╩б╓ц╗б║б▄ц╔б▐б┌ц╕б∙б╟ц╞б╪б        -Dcatalina.home=catalina-home
03-Sep-2021 16:09:45.637 Д©║Ф│╞ [main] org.apache.catalina.startup.VersionLoggerListener.log ц╔б▒б╫ц╓б╩б╓ц╗б║б▄ц╔б▐б┌ц╕б∙б╟ц╞б╪б        -Dcatalina.base=catalina-home
03-Sep-2021 16:09:45.637 Д©║Ф│╞ [main] org.apache.catalina.startup.VersionLoggerListener.log ц╔б▒б╫ц╓б╩б╓ц╗б║б▄ц╔б▐б┌ц╕б∙б╟ц╞б╪б        -Djava.endorsed.dirs=catalina-home/endorsed
03-Sep-2021 16:09:45.637 Д©║Ф│╞ [main] org.apache.catalina.startup.VersionLoggerListener.log ц╔б▒б╫ц╓б╩б╓ц╗б║б▄ц╔б▐б┌ц╕б∙б╟ц╞б╪б        -Djava.io.tmpdir=catalina-home/temp
03-Sep-2021 16:09:45.637 Д©║Ф│╞ [main] org.apache.catalina.startup.VersionLoggerListener.log ц╔б▒б╫ц╓б╩б╓ц╗б║б▄ц╔б▐б┌ц╕б∙б╟ц╞б╪б        -Djava.util.logging.manager=org.apache.juli.ClassLoaderLogManager
03-Sep-2021 16:09:45.637 Д©║Ф│╞ [main] org.apache.catalina.startup.VersionLoggerListener.log ц╔б▒б╫ц╓б╩б╓ц╗б║б▄ц╔б▐б┌ц╕б∙б╟ц╞б╪б        -Djava.util.logging.config.file=catalina-home/conf/logging.properties
03-Sep-2021 16:09:45.637 Д©║Ф│╞ [main] org.apache.catalina.startup.VersionLoggerListener.log ц╔б▒б╫ц╓б╩б╓ц╗б║б▄ц╔б▐б┌ц╕б∙б╟ц╞б╪б        -Dfile.encoding=UTF-8
03-Sep-2021 16:09:45.637 Д©║Ф│╞ [main] org.apache.catalina.startup.VersionLoggerListener.log ц╔б▒б╫ц╓б╩б╓ц╗б║б▄ц╔б▐б┌ц╕б∙б╟ц╞б╪б        -javaagent:C:\Program Files\JetBrains\IntelliJ IDEA 2021.1.3\lib\idea_rt.jar=49761:C:\Program Files\JetBrains\IntelliJ IDEA 2021.1.3\bin
03-Sep-2021 16:09:45.637 Д©║Ф│╞ [main] org.apache.catalina.core.AprLifecycleListener.lifecycleEvent ц╔б°б╗java.library.path:[C:\Users\Chinadaas\Downloads\jdk1.8.0_71\jdk1.8.0_71_bak\bin;C:\WINDOWS\Sun\Java\bin;C:\WINDOWS\system32;C:\WINDOWS;C:\WINDOWS\system32;C:\WINDOWS;C:\WINDOWS\System32\Wbem;C:\WINDOWS\System32\WindowsPowerShell\v1.0\;C:\WINDOWS\System32\OpenSSH\;C:\Program Files\Git\cmd;C:\Program Files\TortoiseGit\bin;C:\Program Files\Intel\WiFi\bin\;C:\Program Files\Common Files\Intel\WirelessCommon\;C:\Program Files\MySQL\MySQL Server 5.5\bin;C:\Users\Chinadaas\Downloads\apache-maven-3.6.0-bin\apache-maven-3.6.0\bin;C:\Program Files (x86)\Windows Kits\8.1\Windows Performance Toolkit\;C:\Program Files\nodejs\;C:\Program Files\gradle-5.6.4-bin\gradle-5.6.4\bin;C:\Users\Chinadaas\programs\go\bin;C:\Program Files\Java\jdk1.8.0_71_bak\bin;C:\Users\Chinadaas\AppData\Local\Programs\Python\Python39\Scripts\;C:\Users\Chinadaas\AppData\Local\Programs\Python\Python39\;C:\Users\Chinadaas\AppData\Local\Microsoft\WindowsApps;C:\Program Files\Intel\WiFi\bin\;C:\Program Files\Common Files\Intel\WirelessCommon\;C:\Program Files\Java\jdk1.7.0_71\bin;C:\Program Files\Java\jdk1.7.0_71\jre\bin;C:\Program Files\Microsoft VS Code\bin;C:\Users\Chinadaas\AppData\Local\BypassRuntm;C:\Users\Chinadaas\AppData\Local\Microsoft\WindowsApps;C:\Users\Chinadaas\AppData\Roaming\npm;.]ц╓б╦б┼ц╕б┴б╬ц╓б╦б█ц╔б┬б╟ц╔б÷б╨ц╓б╨б▌APRц╖б б└Apache Tomcatц╕б°б╛ц╕б°б╨ц╔б╨б⌠ц╞б╪б▄ц╗б╞б╔ц╔б╨б⌠ц╔б┘б│ц╗б╝б╦ц╔б°б╗ц╖б■б÷ц╓б╨б╖ц╖б▌б╞ц╔б╒б┐ц╓б╦б╜ц╗б▌б╥ц╔б╬б≈ц╕б°б─ц╓б╫бЁц╕б─б╖ц╗б┐б╫
03-Sep-2021 16:09:45.718 Д©║Ф│╞ [main] org.apache.coyote.AbstractProtocol.init ц╔б┬б²ц╔б╖б▀ц╔б▄б√ц╔б█б▐ц╗б╝б╝ц╔б╓б└ц╖б░б├ц╔б≥б╗ ["http-nio-8080"]
03-Sep-2021 16:09:45.768 Д©║Ф│╞ [main] org.apache.tomcat.util.net.NioSelectorPool.getSharedSelector Using a shared selector for servlet write/read
03-Sep-2021 16:09:45.779 Д©║Ф│╞ [main] org.apache.catalina.startup.Catalina.load Initialization processed in 460 ms
03-Sep-2021 16:09:45.813 Д©║Ф│╞ [main] org.apache.catalina.core.StandardService.startInternal ц╕б╜бёц╔б°б╗ц╔б░б╞ц╔б┼б╗ц╕б°б█ц╔б┼б║[Catalina]
03-Sep-2021 16:09:45.813 Д©║Ф│╞ [main] org.apache.catalina.core.StandardEngine.startInternal ц╕б╜бёц╔б°б╗ц╔б░б╞ц╔б┼б╗ Servlet ц╔б╪б∙ц╕б⌠б▌ц╞б╪б [Apache Tomcat/@VERSION@]
03-Sep-2021 16:09:45.822 Д©║Ф│╞ [localhost-startStop-1] org.apache.catalina.startup.HostConfig.deployDirectory ц╕б┼б┼web ц╔б╨б■ц╖б■б╗ц╖б╗б▀ц╔б╨б▐ц╘б┐б╗ц╖б╫б╡ц╔б┬б╟ц╖б⌡б╝ц╔б╫б∙ [C:\Users\Chinadaas\test\tomcat\catalina-home\webapps\docs]
03-Sep-2021 16:09:46.389 Х╜╕Е▒┼ [localhost-startStop-1] org.apache.catalina.util.SessionIdGeneratorBase.createSecureRandom ц╓б╫б©ц╖б■б╗[SHA1PRNG]ц╔б┬б⌡ц╔б╩б╨ц╓б╪б ц╗б╞б²IDц╖б■б÷ц╕б┬б░ц╖б б└SecureRandomц╔б╝б·ц╓б╬б▀ц╗б┼б╠ц╗б╢б╧ц╓б╨б├[248]ц╕б╞б╚ц╖б╖б▓цёб─б┌
03-Sep-2021 16:09:46.404 Д©║Ф│╞ [localhost-startStop-1] org.apache.catalina.startup.HostConfig.deployDirectory Webц╔б╨б■ц╖б■б╗ц╖б╗б▀ц╔б╨б▐ц╖б⌡б╝ц╔б╫б∙[C:\Users\Chinadaas\test\tomcat\catalina-home\webapps\docs]ц╖б б└ц╘б┐б╗ц╖б╫б╡ц╔б╥б╡ц╔б°б╗[582]ц╕б╞б╚ц╖б╖б▓ц╔б├б┘ц╔б╝б▄ц╕б┬б░
03-Sep-2021 16:09:46.404 Д©║Ф│╞ [localhost-startStop-1] org.apache.catalina.startup.HostConfig.deployDirectory ц╕б┼б┼web ц╔б╨б■ц╖б■б╗ц╖б╗б▀ц╔б╨б▐ц╘б┐б╗ц╖б╫б╡ц╔б┬б╟ц╖б⌡б╝ц╔б╫б∙ [C:\Users\Chinadaas\test\tomcat\catalina-home\webapps\examples]
03-Sep-2021 16:09:46.476 Д╦╔И┤█ [localhost-startStop-1] org.apache.catalina.core.StandardContext.startInternal ц╓б╦б─ц╓б╦б╙ц╕б┬б√ц╔б╓б ц╓б╦б╙listenersц╔б░б╞ц╔б┼б╗ц╔б╓б╠ц╗б╢б╔ц╞б╪б▄ц╕б⌡б╢ц╔б╓б ц╗б╞б╕ц╖б╩б├ц╓б©б║ц╕б│б╞ц╕б÷б╔ц╖б°б▀ц╔б╞б╧ц╔б╨б■ц╖б б└ц╔б╝б╧ц╔б≥б╗ц╕б≈б╔ц╔б©б≈ц╕б√б┤ц╓б╩б╤
03-Sep-2021 16:09:46.477 Д╦╔И┤█ [localhost-startStop-1] org.apache.catalina.core.StandardContext.startInternal ц╖б■б╠ц╓б╨б▌ц╓б╧б▀ц╔б┴б█ц╖б б└ц╘б■б≥ц╗б╞б╞ц╞б╪б▄Context[/examples]ц╔б░б╞ц╔б┼б╗ц╔б╓б╠ц╗б╢б╔
03-Sep-2021 16:09:46.482 Д©║Ф│╞ [localhost-startStop-1] org.apache.catalina.startup.HostConfig.deployDirectory Webц╔б╨б■ц╖б■б╗ц╖б╗б▀ц╔б╨б▐ц╖б⌡б╝ц╔б╫б∙[C:\Users\Chinadaas\test\tomcat\catalina-home\webapps\examples]ц╖б б└ц╘б┐б╗ц╖б╫б╡ц╔б╥б╡ц╔б°б╗[78]ц╕б╞б╚ц╖б╖б▓ц╔б├б┘ц╔б╝б▄ц╕б┬б░
03-Sep-2021 16:09:46.482 Д©║Ф│╞ [localhost-startStop-1] org.apache.catalina.startup.HostConfig.deployDirectory ц╕б┼б┼web ц╔б╨б■ц╖б■б╗ц╖б╗б▀ц╔б╨б▐ц╘б┐б╗ц╖б╫б╡ц╔б┬б╟ц╖б⌡б╝ц╔б╫б∙ [C:\Users\Chinadaas\test\tomcat\catalina-home\webapps\host-manager]
03-Sep-2021 16:09:46.530 Д©║Ф│╞ [localhost-startStop-1] org.apache.catalina.startup.HostConfig.deployDirectory Webц╔б╨б■ц╖б■б╗ц╖б╗б▀ц╔б╨б▐ц╖б⌡б╝ц╔б╫б∙[C:\Users\Chinadaas\test\tomcat\catalina-home\webapps\host-manager]ц╖б б└ц╘б┐б╗ц╖б╫б╡ц╔б╥б╡ц╔б°б╗[48]ц╕б╞б╚ц╖б╖б▓ц╔б├б┘ц╔б╝б▄ц╕б┬б░
03-Sep-2021 16:09:46.530 Д©║Ф│╞ [localhost-startStop-1] org.apache.catalina.startup.HostConfig.deployDirectory ц╕б┼б┼web ц╔б╨б■ц╖б■б╗ц╖б╗б▀ц╔б╨б▐ц╘б┐б╗ц╖б╫б╡ц╔б┬б╟ц╖б⌡б╝ц╔б╫б∙ [C:\Users\Chinadaas\test\tomcat\catalina-home\webapps\manager]
03-Sep-2021 16:09:46.600 Д©║Ф│╞ [localhost-startStop-1] org.apache.catalina.startup.HostConfig.deployDirectory Webц╔б╨б■ц╖б■б╗ц╖б╗б▀ц╔б╨б▐ц╖б⌡б╝ц╔б╫б∙[C:\Users\Chinadaas\test\tomcat\catalina-home\webapps\manager]ц╖б б└ц╘б┐б╗ц╖б╫б╡ц╔б╥б╡ц╔б°б╗[70]ц╕б╞б╚ц╖б╖б▓ц╔б├б┘ц╔б╝б▄ц╕б┬б░
03-Sep-2021 16:09:46.601 Д©║Ф│╞ [localhost-startStop-1] org.apache.catalina.startup.HostConfig.deployDirectory ц╕б┼б┼web ц╔б╨б■ц╖б■б╗ц╖б╗б▀ц╔б╨б▐ц╘б┐б╗ц╖б╫б╡ц╔б┬б╟ц╖б⌡б╝ц╔б╫б∙ [C:\Users\Chinadaas\test\tomcat\catalina-home\webapps\ROOT]
03-Sep-2021 16:09:46.659 Д©║Ф│╞ [localhost-startStop-1] org.apache.catalina.startup.HostConfig.deployDirectory Webц╔б╨б■ц╖б■б╗ц╖б╗б▀ц╔б╨б▐ц╖б⌡б╝ц╔б╫б∙[C:\Users\Chinadaas\test\tomcat\catalina-home\webapps\ROOT]ц╖б б└ц╘б┐б╗ц╖б╫б╡ц╔б╥б╡ц╔б°б╗[58]ц╕б╞б╚ц╖б╖б▓ц╔б├б┘ц╔б╝б▄ц╕б┬б░
03-Sep-2021 16:09:46.662 Д©║Ф│╞ [main] org.apache.coyote.AbstractProtocol.start ц╔б╪б─ц╔б╖б▀ц╔б█б▐ц╗б╝б╝ц╔б╓б└ц╖б░б├ц╔б▐б╔ц╕б÷б└["http-nio-8080"]
03-Sep-2021 16:09:46.670 Д©║Ф│╞ [main] org.apache.catalina.startup.Catalina.start Server startup in 891 ms
03-Sep-2021 16:12:52.796 Д©║Ф│╞ [main] org.apache.catalina.startup.VersionLoggerListener.log Server.ц╕б°б█ц╔б┼б║ц╔б≥б╗ц╖б┴б┬ц╕б°б╛: Apache Tomcat/@VERSION@
03-Sep-2021 16:12:52.800 Д©║Ф│╞ [main] org.apache.catalina.startup.VersionLoggerListener.log ц╕б°б█ц╔б┼б║ц╔б≥б╗ц╕б·б└ц╔б╩б╨:        @VERSION_BUILT@
03-Sep-2021 16:12:52.800 Д©║Ф│╞ [main] org.apache.catalina.startup.VersionLoggerListener.log ц╕б°б█ц╔б┼б║ц╔б≥б╗ц╖б┴б┬ц╕б°б╛ц╔б▐б╥:      @VERSION_NUMBER@
03-Sep-2021 16:12:52.800 Д©║Ф│╞ [main] org.apache.catalina.startup.VersionLoggerListener.log ц╕б⌠б█ц╓б╫б°ц╖бЁб╩ц╖б╩б÷ц╔б░б█ц╖б╖б╟:      Windows 10
03-Sep-2021 16:12:52.800 Д©║Ф│╞ [main] org.apache.catalina.startup.VersionLoggerListener.log OS.ц╖б┴б┬ц╕б°б╛:           10.0
03-Sep-2021 16:12:52.801 Д©║Ф│╞ [main] org.apache.catalina.startup.VersionLoggerListener.log ц╕б·б╤ц╕б·б└:              amd64
03-Sep-2021 16:12:52.801 Д©║Ф│╞ [main] org.apache.catalina.startup.VersionLoggerListener.log Java ц╖б▌б╞ц╔б╒б┐ц╔б▐б≤ц╘б┤б▐:     C:\Users\Chinadaas\Downloads\jdk1.8.0_71\jdk1.8.0_71_bak\jre
03-Sep-2021 16:12:52.801 Д©║Ф│╞ [main] org.apache.catalina.startup.VersionLoggerListener.log Javaц╗б≥б ц╕б▀б÷ц╕б°б╨ц╖б┴б┬ц╕б°б╛:    1.8.0_71-b15
03-Sep-2021 16:12:52.801 Д©║Ф│╞ [main] org.apache.catalina.startup.VersionLoggerListener.log JVM.ц╓б╬б⌡ц╔б╨б■ц╔б∙б├:        Oracle Corporation
03-Sep-2021 16:12:52.801 Д©║Ф│╞ [main] org.apache.catalina.startup.VersionLoggerListener.log CATALINA_BASE:     C:\Users\Chinadaas\test\tomcat\catalina-home
03-Sep-2021 16:12:52.801 Д©║Ф│╞ [main] org.apache.catalina.startup.VersionLoggerListener.log CATALINA_HOME:     C:\Users\Chinadaas\test\tomcat\catalina-home
03-Sep-2021 16:12:52.802 Д©║Ф│╞ [main] org.apache.catalina.startup.VersionLoggerListener.log ц╔б▒б╫ц╓б╩б╓ц╗б║б▄ц╔б▐б┌ц╕б∙б╟ц╞б╪б        -Dvisualvm.id=346415056842100
03-Sep-2021 16:12:52.802 Д©║Ф│╞ [main] org.apache.catalina.startup.VersionLoggerListener.log ц╔б▒б╫ц╓б╩б╓ц╗б║б▄ц╔б▐б┌ц╕б∙б╟ц╞б╪б        -Dcatalina.home=catalina-home
03-Sep-2021 16:12:52.802 Д©║Ф│╞ [main] org.apache.catalina.startup.VersionLoggerListener.log ц╔б▒б╫ц╓б╩б╓ц╗б║б▄ц╔б▐б┌ц╕б∙б╟ц╞б╪б        -Dcatalina.base=catalina-home
03-Sep-2021 16:12:52.802 Д©║Ф│╞ [main] org.apache.catalina.startup.VersionLoggerListener.log ц╔б▒б╫ц╓б╩б╓ц╗б║б▄ц╔б▐б┌ц╕б∙б╟ц╞б╪б        -Djava.endorsed.dirs=catalina-home/endorsed
03-Sep-2021 16:12:52.802 Д©║Ф│╞ [main] org.apache.catalina.startup.VersionLoggerListener.log ц╔б▒б╫ц╓б╩б╓ц╗б║б▄ц╔б▐б┌ц╕б∙б╟ц╞б╪б        -Djava.io.tmpdir=catalina-home/temp
03-Sep-2021 16:12:52.802 Д©║Ф│╞ [main] org.apache.catalina.startup.VersionLoggerListener.log ц╔б▒б╫ц╓б╩б╓ц╗б║б▄ц╔б▐б┌ц╕б∙б╟ц╞б╪б        -Djava.util.logging.manager=org.apache.juli.ClassLoaderLogManager
03-Sep-2021 16:12:52.802 Д©║Ф│╞ [main] org.apache.catalina.startup.VersionLoggerListener.log ц╔б▒б╫ц╓б╩б╓ц╗б║б▄ц╔б▐б┌ц╕б∙б╟ц╞б╪б        -Djava.util.logging.config.file=catalina-home/conf/logging.properties
03-Sep-2021 16:12:52.802 Д©║Ф│╞ [main] org.apache.catalina.startup.VersionLoggerListener.log ц╔б▒б╫ц╓б╩б╓ц╗б║б▄ц╔б▐б┌ц╕б∙б╟ц╞б╪б        -Dfile.encoding=UTF-8
03-Sep-2021 16:12:52.802 Д©║Ф│╞ [main] org.apache.catalina.startup.VersionLoggerListener.log ц╔б▒б╫ц╓б╩б╓ц╗б║б▄ц╔б▐б┌ц╕б∙б╟ц╞б╪б        -javaagent:C:\Program Files\JetBrains\IntelliJ IDEA 2021.1.3\lib\idea_rt.jar=55746:C:\Program Files\JetBrains\IntelliJ IDEA 2021.1.3\bin
03-Sep-2021 16:12:52.802 Д©║Ф│╞ [main] org.apache.catalina.core.AprLifecycleListener.lifecycleEvent ц╔б°б╗java.library.path:[C:\Users\Chinadaas\Downloads\jdk1.8.0_71\jdk1.8.0_71_bak\bin;C:\WINDOWS\Sun\Java\bin;C:\WINDOWS\system32;C:\WINDOWS;C:\WINDOWS\system32;C:\WINDOWS;C:\WINDOWS\System32\Wbem;C:\WINDOWS\System32\WindowsPowerShell\v1.0\;C:\WINDOWS\System32\OpenSSH\;C:\Program Files\Git\cmd;C:\Program Files\TortoiseGit\bin;C:\Program Files\Intel\WiFi\bin\;C:\Program Files\Common Files\Intel\WirelessCommon\;C:\Program Files\MySQL\MySQL Server 5.5\bin;C:\Users\Chinadaas\Downloads\apache-maven-3.6.0-bin\apache-maven-3.6.0\bin;C:\Program Files (x86)\Windows Kits\8.1\Windows Performance Toolkit\;C:\Program Files\nodejs\;C:\Program Files\gradle-5.6.4-bin\gradle-5.6.4\bin;C:\Users\Chinadaas\programs\go\bin;C:\Program Files\Java\jdk1.8.0_71_bak\bin;C:\Users\Chinadaas\AppData\Local\Programs\Python\Python39\Scripts\;C:\Users\Chinadaas\AppData\Local\Programs\Python\Python39\;C:\Users\Chinadaas\AppData\Local\Microsoft\WindowsApps;C:\Program Files\Intel\WiFi\bin\;C:\Program Files\Common Files\Intel\WirelessCommon\;C:\Program Files\Java\jdk1.7.0_71\bin;C:\Program Files\Java\jdk1.7.0_71\jre\bin;C:\Program Files\Microsoft VS Code\bin;C:\Users\Chinadaas\AppData\Local\BypassRuntm;C:\Users\Chinadaas\AppData\Local\Microsoft\WindowsApps;C:\Users\Chinadaas\AppData\Roaming\npm;.]ц╓б╦б┼ц╕б┴б╬ц╓б╦б█ц╔б┬б╟ц╔б÷б╨ц╓б╨б▌APRц╖б б└Apache Tomcatц╕б°б╛ц╕б°б╨ц╔б╨б⌠ц╞б╪б▄ц╗б╞б╔ц╔б╨б⌠ц╔б┘б│ц╗б╝б╦ц╔б°б╗ц╖б■б÷ц╓б╨б╖ц╖б▌б╞ц╔б╒б┐ц╓б╦б╜ц╗б▌б╥ц╔б╬б≈ц╕б°б─ц╓б╫бЁц╕б─б╖ц╗б┐б╫
03-Sep-2021 16:12:52.927 Д©║Ф│╞ [main] org.apache.coyote.AbstractProtocol.init ц╔б┬б²ц╔б╖б▀ц╔б▄б√ц╔б█б▐ц╗б╝б╝ц╔б╓б└ц╖б░б├ц╔б≥б╗ ["http-nio-8080"]
03-Sep-2021 16:12:53.005 Д©║Ф│╞ [main] org.apache.tomcat.util.net.NioSelectorPool.getSharedSelector Using a shared selector for servlet write/read
03-Sep-2021 16:12:53.024 Д©║Ф│╞ [main] org.apache.catalina.startup.Catalina.load Initialization processed in 647 ms
03-Sep-2021 16:12:53.062 Д©║Ф│╞ [main] org.apache.catalina.core.StandardService.startInternal ц╕б╜бёц╔б°б╗ц╔б░б╞ц╔б┼б╗ц╕б°б█ц╔б┼б║[Catalina]
03-Sep-2021 16:12:53.062 Д©║Ф│╞ [main] org.apache.catalina.core.StandardEngine.startInternal ц╕б╜бёц╔б°б╗ц╔б░б╞ц╔б┼б╗ Servlet ц╔б╪б∙ц╕б⌠б▌ц╞б╪б [Apache Tomcat/@VERSION@]
03-Sep-2021 16:12:53.073 Д©║Ф│╞ [localhost-startStop-1] org.apache.catalina.startup.HostConfig.deployDirectory ц╕б┼б┼web ц╔б╨б■ц╖б■б╗ц╖б╗б▀ц╔б╨б▐ц╘б┐б╗ц╖б╫б╡ц╔б┬б╟ц╖б⌡б╝ц╔б╫б∙ [C:\Users\Chinadaas\test\tomcat\catalina-home\webapps\docs]
03-Sep-2021 16:12:53.697 Д©║Ф│╞ [localhost-startStop-1] org.apache.jasper.servlet.TldScanner.scanJars ц╗б┤бЁц╔б╟б▒ц╕б°б┴ц╓б╦б─ц╓б╦б╙JARц╗б╒б╚ц╕б┴б╚ц╕б▐б▐ц╖б■б╗ц╓б╨б▌TLDц╓б╫б├ц╔б╟б ц╕б°б╙ц╔б▄б┘ц╔б░б╚TLDцёб─б┌ ц╓б╦б╨ц╕б╜б╓ц╗б╝б╟ц╔б╫б∙ц╔б≥б╗ц╔б░б╞ц╖б■б╗ц╗б╟б┐ц╗б╞б∙ц╕б≈б╔ц╔б©б≈ц╗б╝б╟ц╔б╫б∙ц╞б╪б▄ц╓б╩б╔ц╗б▌б╥ц╔б▐б√ц╔б╥б╡ц╕б┴б╚ц╕б▐б▐ц╓б╫б├ц╕б°б╙ц╔б°б╗ц╔б┘б╤ц╓б╦б╜ц╕б┴б╬ц╔б┬б╟TLDц╖б б└ц╔б╝б▄ц╕б∙б╢JARц╔б┬б≈ц╗б║б╗цёб─б┌ ц╔б°б╗ц╕б┴б╚ц╕б▐б▐ц╕б°б÷ц╘б≈б╢ц╗б╥бЁц╗б©б┤ц╓б╦б█ц╘б°б─ц╗б╕б│ц╖б б└JARц╔б▐б╞ц╓б╩б╔ц╖б╪б╘ц╖б÷б╜ц╔б░б╞ц╔б┼б╗ц╕б≈б╤ц╘б≈б╢ц╔б▓б▄JSPц╖б╪б√ц╗б╞б▒ц╕б≈б╤ц╘б≈б╢цёб─б┌
03-Sep-2021 16:12:53.937 Х╜╕Е▒┼ [localhost-startStop-1] org.apache.catalina.util.SessionIdGeneratorBase.createSecureRandom ц╓б╫б©ц╖б■б╗[SHA1PRNG]ц╔б┬б⌡ц╔б╩б╨ц╓б╪б ц╗б╞б²IDц╖б■б÷ц╕б┬б░ц╖б б└SecureRandomц╔б╝б·ц╓б╬б▀ц╗б┼б╠ц╗б╢б╧ц╓б╨б├[234]ц╕б╞б╚ц╖б╖б▓цёб─б┌
03-Sep-2021 16:12:53.954 Д©║Ф│╞ [localhost-startStop-1] org.apache.catalina.startup.HostConfig.deployDirectory Webц╔б╨б■ц╖б■б╗ц╖б╗б▀ц╔б╨б▐ц╖б⌡б╝ц╔б╫б∙[C:\Users\Chinadaas\test\tomcat\catalina-home\webapps\docs]ц╖б б└ц╘б┐б╗ц╖б╫б╡ц╔б╥б╡ц╔б°б╗[881]ц╕б╞б╚ц╖б╖б▓ц╔б├б┘ц╔б╝б▄ц╕б┬б░
03-Sep-2021 16:12:53.955 Д©║Ф│╞ [localhost-startStop-1] org.apache.catalina.startup.HostConfig.deployDirectory ц╕б┼б┼web ц╔б╨б■ц╖б■б╗ц╖б╗б▀ц╔б╨б▐ц╘б┐б╗ц╖б╫б╡ц╔б┬б╟ц╖б⌡б╝ц╔б╫б∙ [C:\Users\Chinadaas\test\tomcat\catalina-home\webapps\examples]
03-Sep-2021 16:12:54.175 Д©║Ф│╞ [localhost-startStop-1] org.apache.jasper.servlet.TldScanner.scanJars ц╗б┤бЁц╔б╟б▒ц╕б°б┴ц╓б╦б─ц╓б╦б╙JARц╗б╒б╚ц╕б┴б╚ц╕б▐б▐ц╖б■б╗ц╓б╨б▌TLDц╓б╫б├ц╔б╟б ц╕б°б╙ц╔б▄б┘ц╔б░б╚TLDцёб─б┌ ц╓б╦б╨ц╕б╜б╓ц╗б╝б╟ц╔б╫б∙ц╔б≥б╗ц╔б░б╞ц╖б■б╗ц╗б╟б┐ц╗б╞б∙ц╕б≈б╔ц╔б©б≈ц╗б╝б╟ц╔б╫б∙ц╞б╪б▄ц╓б╩б╔ц╗б▌б╥ц╔б▐б√ц╔б╥б╡ц╕б┴б╚ц╕б▐б▐ц╓б╫б├ц╕б°б╙ц╔б°б╗ц╔б┘б╤ц╓б╦б╜ц╕б┴б╬ц╔б┬б╟TLDц╖б б└ц╔б╝б▄ц╕б∙б╢JARц╔б┬б≈ц╗б║б╗цёб─б┌ ц╔б°б╗ц╕б┴б╚ц╕б▐б▐ц╕б°б÷ц╘б≈б╢ц╗б╥бЁц╗б©б┤ц╓б╦б█ц╘б°б─ц╗б╕б│ц╖б б└JARц╔б▐б╞ц╓б╩б╔ц╖б╪б╘ц╖б÷б╜ц╔б░б╞ц╔б┼б╗ц╕б≈б╤ц╘б≈б╢ц╔б▓б▄JSPц╖б╪б√ц╗б╞б▒ц╕б≈б╤ц╘б≈б╢цёб─б┌
03-Sep-2021 16:12:54.209 Д╦╔И┤█ [localhost-startStop-1] org.apache.catalina.core.StandardContext.startInternal ц╓б╦б─ц╓б╦б╙ц╕б┬б√ц╔б╓б ц╓б╦б╙listenersц╔б░б╞ц╔б┼б╗ц╔б╓б╠ц╗б╢б╔ц╞б╪б▄ц╕б⌡б╢ц╔б╓б ц╗б╞б╕ц╖б╩б├ц╓б©б║ц╕б│б╞ц╕б÷б╔ц╖б°б▀ц╔б╞б╧ц╔б╨б■ц╖б б└ц╔б╝б╧ц╔б≥б╗ц╕б≈б╔ц╔б©б≈ц╕б√б┤ц╓б╩б╤
03-Sep-2021 16:12:54.210 Д╦╔И┤█ [localhost-startStop-1] org.apache.catalina.core.StandardContext.startInternal ц╖б■б╠ц╓б╨б▌ц╓б╧б▀ц╔б┴б█ц╖б б└ц╘б■б≥ц╗б╞б╞ц╞б╪б▄Context[/examples]ц╔б░б╞ц╔б┼б╗ц╔б╓б╠ц╗б╢б╔
03-Sep-2021 16:12:54.217 Д©║Ф│╞ [localhost-startStop-1] org.apache.catalina.startup.HostConfig.deployDirectory Webц╔б╨б■ц╖б■б╗ц╖б╗б▀ц╔б╨б▐ц╖б⌡б╝ц╔б╫б∙[C:\Users\Chinadaas\test\tomcat\catalina-home\webapps\examples]ц╖б б└ц╘б┐б╗ц╖б╫б╡ц╔б╥б╡ц╔б°б╗[261]ц╕б╞б╚ц╖б╖б▓ц╔б├б┘ц╔б╝б▄ц╕б┬б░
03-Sep-2021 16:12:54.217 Д©║Ф│╞ [localhost-startStop-1] org.apache.catalina.startup.HostConfig.deployDirectory ц╕б┼б┼web ц╔б╨б■ц╖б■б╗ц╖б╗б▀ц╔б╨б▐ц╘б┐б╗ц╖б╫б╡ц╔б┬б╟ц╖б⌡б╝ц╔б╫б∙ [C:\Users\Chinadaas\test\tomcat\catalina-home\webapps\host-manager]
03-Sep-2021 16:12:54.335 Д©║Ф│╞ [localhost-startStop-1] org.apache.jasper.servlet.TldScanner.scanJars ц╗б┤бЁц╔б╟б▒ц╕б°б┴ц╓б╦б─ц╓б╦б╙JARц╗б╒б╚ц╕б┴б╚ц╕б▐б▐ц╖б■б╗ц╓б╨б▌TLDц╓б╫б├ц╔б╟б ц╕б°б╙ц╔б▄б┘ц╔б░б╚TLDцёб─б┌ ц╓б╦б╨ц╕б╜б╓ц╗б╝б╟ц╔б╫б∙ц╔б≥б╗ц╔б░б╞ц╖б■б╗ц╗б╟б┐ц╗б╞б∙ц╕б≈б╔ц╔б©б≈ц╗б╝б╟ц╔б╫б∙ц╞б╪б▄ц╓б╩б╔ц╗б▌б╥ц╔б▐б√ц╔б╥б╡ц╕б┴б╚ц╕б▐б▐ц╓б╫б├ц╕б°б╙ц╔б°б╗ц╔б┘б╤ц╓б╦б╜ц╕б┴б╬ц╔б┬б╟TLDц╖б б└ц╔б╝б▄ц╕б∙б╢JARц╔б┬б≈ц╗б║б╗цёб─б┌ ц╔б°б╗ц╕б┴б╚ц╕б▐б▐ц╕б°б÷ц╘б≈б╢ц╗б╥бЁц╗б©б┤ц╓б╦б█ц╘б°б─ц╗б╕б│ц╖б б└JARц╔б▐б╞ц╓б╩б╔ц╖б╪б╘ц╖б÷б╜ц╔б░б╞ц╔б┼б╗ц╕б≈б╤ц╘б≈б╢ц╔б▓б▄JSPц╖б╪б√ц╗б╞б▒ц╕б≈б╤ц╘б≈б╢цёб─б┌
03-Sep-2021 16:12:54.344 Д©║Ф│╞ [localhost-startStop-1] org.apache.catalina.startup.HostConfig.deployDirectory Webц╔б╨б■ц╖б■б╗ц╖б╗б▀ц╔б╨б▐ц╖б⌡б╝ц╔б╫б∙[C:\Users\Chinadaas\test\tomcat\catalina-home\webapps\host-manager]ц╖б б└ц╘б┐б╗ц╖б╫б╡ц╔б╥б╡ц╔б°б╗[126]ц╕б╞б╚ц╖б╖б▓ц╔б├б┘ц╔б╝б▄ц╕б┬б░
03-Sep-2021 16:12:54.344 Д©║Ф│╞ [localhost-startStop-1] org.apache.catalina.startup.HostConfig.deployDirectory ц╕б┼б┼web ц╔б╨б■ц╖б■б╗ц╖б╗б▀ц╔б╨б▐ц╘б┐б╗ц╖б╫б╡ц╔б┬б╟ц╖б⌡б╝ц╔б╫б∙ [C:\Users\Chinadaas\test\tomcat\catalina-home\webapps\manager]
03-Sep-2021 16:12:54.460 Д©║Ф│╞ [localhost-startStop-1] org.apache.jasper.servlet.TldScanner.scanJars ц╗б┤бЁц╔б╟б▒ц╕б°б┴ц╓б╦б─ц╓б╦б╙JARц╗б╒б╚ц╕б┴б╚ц╕б▐б▐ц╖б■б╗ц╓б╨б▌TLDц╓б╫б├ц╔б╟б ц╕б°б╙ц╔б▄б┘ц╔б░б╚TLDцёб─б┌ ц╓б╦б╨ц╕б╜б╓ц╗б╝б╟ц╔б╫б∙ц╔б≥б╗ц╔б░б╞ц╖б■б╗ц╗б╟б┐ц╗б╞б∙ц╕б≈б╔ц╔б©б≈ц╗б╝б╟ц╔б╫б∙ц╞б╪б▄ц╓б╩б╔ц╗б▌б╥ц╔б▐б√ц╔б╥б╡ц╕б┴б╚ц╕б▐б▐ц╓б╫б├ц╕б°б╙ц╔б°б╗ц╔б┘б╤ц╓б╦б╜ц╕б┴б╬ц╔б┬б╟TLDц╖б б└ц╔б╝б▄ц╕б∙б╢JARц╔б┬б≈ц╗б║б╗цёб─б┌ ц╔б°б╗ц╕б┴б╚ц╕б▐б▐ц╕б°б÷ц╘б≈б╢ц╗б╥бЁц╗б©б┤ц╓б╦б█ц╘б°б─ц╗б╕б│ц╖б б└JARц╔б▐б╞ц╓б╩б╔ц╖б╪б╘ц╖б÷б╜ц╔б░б╞ц╔б┼б╗ц╕б≈б╤ц╘б≈б╢ц╔б▓б▄JSPц╖б╪б√ц╗б╞б▒ц╕б≈б╤ц╘б≈б╢цёб─б┌
03-Sep-2021 16:12:54.462 Д©║Ф│╞ [localhost-startStop-1] org.apache.catalina.startup.HostConfig.deployDirectory Webц╔б╨б■ц╖б■б╗ц╖б╗б▀ц╔б╨б▐ц╖б⌡б╝ц╔б╫б∙[C:\Users\Chinadaas\test\tomcat\catalina-home\webapps\manager]ц╖б б└ц╘б┐б╗ц╖б╫б╡ц╔б╥б╡ц╔б°б╗[118]ц╕б╞б╚ц╖б╖б▓ц╔б├б┘ц╔б╝б▄ц╕б┬б░
03-Sep-2021 16:12:54.462 Д©║Ф│╞ [localhost-startStop-1] org.apache.catalina.startup.HostConfig.deployDirectory ц╕б┼б┼web ц╔б╨б■ц╖б■б╗ц╖б╗б▀ц╔б╨б▐ц╘б┐б╗ц╖б╫б╡ц╔б┬б╟ц╖б⌡б╝ц╔б╫б∙ [C:\Users\Chinadaas\test\tomcat\catalina-home\webapps\ROOT]
03-Sep-2021 16:12:54.530 Д©║Ф│╞ [localhost-startStop-1] org.apache.jasper.servlet.TldScanner.scanJars ц╗б┤бЁц╔б╟б▒ц╕б°б┴ц╓б╦б─ц╓б╦б╙JARц╗б╒б╚ц╕б┴б╚ц╕б▐б▐ц╖б■б╗ц╓б╨б▌TLDц╓б╫б├ц╔б╟б ц╕б°б╙ц╔б▄б┘ц╔б░б╚TLDцёб─б┌ ц╓б╦б╨ц╕б╜б╓ц╗б╝б╟ц╔б╫б∙ц╔б≥б╗ц╔б░б╞ц╖б■б╗ц╗б╟б┐ц╗б╞б∙ц╕б≈б╔ц╔б©б≈ц╗б╝б╟ц╔б╫б∙ц╞б╪б▄ц╓б╩б╔ц╗б▌б╥ц╔б▐б√ц╔б╥б╡ц╕б┴б╚ц╕б▐б▐ц╓б╫б├ц╕б°б╙ц╔б°б╗ц╔б┘б╤ц╓б╦б╜ц╕б┴б╬ц╔б┬б╟TLDц╖б б└ц╔б╝б▄ц╕б∙б╢JARц╔б┬б≈ц╗б║б╗цёб─б┌ ц╔б°б╗ц╕б┴б╚ц╕б▐б▐ц╕б°б÷ц╘б≈б╢ц╗б╥бЁц╗б©б┤ц╓б╦б█ц╘б°б─ц╗б╕б│ц╖б б└JARц╔б▐б╞ц╓б╩б╔ц╖б╪б╘ц╖б÷б╜ц╔б░б╞ц╔б┼б╗ц╕б≈б╤ц╘б≈б╢ц╔б▓б▄JSPц╖б╪б√ц╗б╞б▒ц╕б≈б╤ц╘б≈б╢цёб─б┌
03-Sep-2021 16:12:54.532 Д©║Ф│╞ [localhost-startStop-1] org.apache.catalina.startup.HostConfig.deployDirectory Webц╔б╨б■ц╖б■б╗ц╖б╗б▀ц╔б╨б▐ц╖б⌡б╝ц╔б╫б∙[C:\Users\Chinadaas\test\tomcat\catalina-home\webapps\ROOT]ц╖б б└ц╘б┐б╗ц╖б╫б╡ц╔б╥б╡ц╔б°б╗[70]ц╕б╞б╚ц╖б╖б▓ц╔б├б┘ц╔б╝б▄ц╕б┬б░
03-Sep-2021 16:12:54.534 Д©║Ф│╞ [main] org.apache.coyote.AbstractProtocol.start ц╔б╪б─ц╔б╖б▀ц╔б█б▐ц╗б╝б╝ц╔б╓б└ц╖б░б├ц╔б▐б╔ц╕б÷б└["http-nio-8080"]
03-Sep-2021 16:12:54.541 Д©║Ф│╞ [main] org.apache.catalina.startup.Catalina.start Server startup in 1516 ms
03-Sep-2021 16:15:27.438 Д©║Ф│╞ [main] org.apache.catalina.startup.VersionLoggerListener.log Server.ц╕б°б█ц╔б┼б║ц╔б≥б╗ц╖б┴б┬ц╕б°б╛: Apache Tomcat/@VERSION@
03-Sep-2021 16:15:27.441 Д©║Ф│╞ [main] org.apache.catalina.startup.VersionLoggerListener.log ц╕б°б█ц╔б┼б║ц╔б≥б╗ц╕б·б└ц╔б╩б╨:        @VERSION_BUILT@
03-Sep-2021 16:15:27.441 Д©║Ф│╞ [main] org.apache.catalina.startup.VersionLoggerListener.log ц╕б°б█ц╔б┼б║ц╔б≥б╗ц╖б┴б┬ц╕б°б╛ц╔б▐б╥:      @VERSION_NUMBER@
03-Sep-2021 16:15:27.442 Д©║Ф│╞ [main] org.apache.catalina.startup.VersionLoggerListener.log ц╕б⌠б█ц╓б╫б°ц╖бЁб╩ц╖б╩б÷ц╔б░б█ц╖б╖б╟:      Windows 10
03-Sep-2021 16:15:27.442 Д©║Ф│╞ [main] org.apache.catalina.startup.VersionLoggerListener.log OS.ц╖б┴б┬ц╕б°б╛:           10.0
03-Sep-2021 16:15:27.442 Д©║Ф│╞ [main] org.apache.catalina.startup.VersionLoggerListener.log ц╕б·б╤ц╕б·б└:              amd64
03-Sep-2021 16:15:27.442 Д©║Ф│╞ [main] org.apache.catalina.startup.VersionLoggerListener.log Java ц╖б▌б╞ц╔б╒б┐ц╔б▐б≤ц╘б┤б▐:     C:\Users\Chinadaas\Downloads\jdk1.8.0_71\jdk1.8.0_71_bak\jre
03-Sep-2021 16:15:27.442 Д©║Ф│╞ [main] org.apache.catalina.startup.VersionLoggerListener.log Javaц╗б≥б ц╕б▀б÷ц╕б°б╨ц╖б┴б┬ц╕б°б╛:    1.8.0_71-b15
03-Sep-2021 16:15:27.442 Д©║Ф│╞ [main] org.apache.catalina.startup.VersionLoggerListener.log JVM.ц╓б╬б⌡ц╔б╨б■ц╔б∙б├:        Oracle Corporation
03-Sep-2021 16:15:27.442 Д©║Ф│╞ [main] org.apache.catalina.startup.VersionLoggerListener.log CATALINA_BASE:     C:\Users\Chinadaas\test\tomcat\catalina-home
03-Sep-2021 16:15:27.442 Д©║Ф│╞ [main] org.apache.catalina.startup.VersionLoggerListener.log CATALINA_HOME:     C:\Users\Chinadaas\test\tomcat\catalina-home
03-Sep-2021 16:15:27.442 Д©║Ф│╞ [main] org.apache.catalina.startup.VersionLoggerListener.log ц╔б▒б╫ц╓б╩б╓ц╗б║б▄ц╔б▐б┌ц╕б∙б╟ц╞б╪б        -Dvisualvm.id=346569848791800
03-Sep-2021 16:15:27.442 Д©║Ф│╞ [main] org.apache.catalina.startup.VersionLoggerListener.log ц╔б▒б╫ц╓б╩б╓ц╗б║б▄ц╔б▐б┌ц╕б∙б╟ц╞б╪б        -Dcatalina.home=catalina-home
03-Sep-2021 16:15:27.442 Д©║Ф│╞ [main] org.apache.catalina.startup.VersionLoggerListener.log ц╔б▒б╫ц╓б╩б╓ц╗б║б▄ц╔б▐б┌ц╕б∙б╟ц╞б╪б        -Dcatalina.base=catalina-home
03-Sep-2021 16:15:27.442 Д©║Ф│╞ [main] org.apache.catalina.startup.VersionLoggerListener.log ц╔б▒б╫ц╓б╩б╓ц╗б║б▄ц╔б▐б┌ц╕б∙б╟ц╞б╪б        -Djava.endorsed.dirs=catalina-home/endorsed
03-Sep-2021 16:15:27.442 Д©║Ф│╞ [main] org.apache.catalina.startup.VersionLoggerListener.log ц╔б▒б╫ц╓б╩б╓ц╗б║б▄ц╔б▐б┌ц╕б∙б╟ц╞б╪б        -Djava.io.tmpdir=catalina-home/temp
03-Sep-2021 16:15:27.442 Д©║Ф│╞ [main] org.apache.catalina.startup.VersionLoggerListener.log ц╔б▒б╫ц╓б╩б╓ц╗б║б▄ц╔б▐б┌ц╕б∙б╟ц╞б╪б        -Djava.util.logging.manager=org.apache.juli.ClassLoaderLogManager
03-Sep-2021 16:15:27.442 Д©║Ф│╞ [main] org.apache.catalina.startup.VersionLoggerListener.log ц╔б▒б╫ц╓б╩б╓ц╗б║б▄ц╔б▐б┌ц╕б∙б╟ц╞б╪б        -Djava.util.logging.config.file=catalina-home/conf/logging.properties
03-Sep-2021 16:15:27.443 Д©║Ф│╞ [main] org.apache.catalina.startup.VersionLoggerListener.log ц╔б▒б╫ц╓б╩б╓ц╗б║б▄ц╔б▐б┌ц╕б∙б╟ц╞б╪б        -Dfile.encoding=UTF-8
03-Sep-2021 16:15:27.443 Д©║Ф│╞ [main] org.apache.catalina.startup.VersionLoggerListener.log ц╔б▒б╫ц╓б╩б╓ц╗б║б▄ц╔б▐б┌ц╕б∙б╟ц╞б╪б        -javaagent:C:\Program Files\JetBrains\IntelliJ IDEA 2021.1.3\lib\idea_rt.jar=60950:C:\Program Files\JetBrains\IntelliJ IDEA 2021.1.3\bin
03-Sep-2021 16:15:27.443 Д©║Ф│╞ [main] org.apache.catalina.core.AprLifecycleListener.lifecycleEvent ц╔б°б╗java.library.path:[C:\Users\Chinadaas\Downloads\jdk1.8.0_71\jdk1.8.0_71_bak\bin;C:\WINDOWS\Sun\Java\bin;C:\WINDOWS\system32;C:\WINDOWS;C:\WINDOWS\system32;C:\WINDOWS;C:\WINDOWS\System32\Wbem;C:\WINDOWS\System32\WindowsPowerShell\v1.0\;C:\WINDOWS\System32\OpenSSH\;C:\Program Files\Git\cmd;C:\Program Files\TortoiseGit\bin;C:\Program Files\Intel\WiFi\bin\;C:\Program Files\Common Files\Intel\WirelessCommon\;C:\Program Files\MySQL\MySQL Server 5.5\bin;C:\Users\Chinadaas\Downloads\apache-maven-3.6.0-bin\apache-maven-3.6.0\bin;C:\Program Files (x86)\Windows Kits\8.1\Windows Performance Toolkit\;C:\Program Files\nodejs\;C:\Program Files\gradle-5.6.4-bin\gradle-5.6.4\bin;C:\Users\Chinadaas\programs\go\bin;C:\Program Files\Java\jdk1.8.0_71_bak\bin;C:\Users\Chinadaas\AppData\Local\Programs\Python\Python39\Scripts\;C:\Users\Chinadaas\AppData\Local\Programs\Python\Python39\;C:\Users\Chinadaas\AppData\Local\Microsoft\WindowsApps;C:\Program Files\Intel\WiFi\bin\;C:\Program Files\Common Files\Intel\WirelessCommon\;C:\Program Files\Java\jdk1.7.0_71\bin;C:\Program Files\Java\jdk1.7.0_71\jre\bin;C:\Program Files\Microsoft VS Code\bin;C:\Users\Chinadaas\AppData\Local\BypassRuntm;C:\Users\Chinadaas\AppData\Local\Microsoft\WindowsApps;C:\Users\Chinadaas\AppData\Roaming\npm;.]ц╓б╦б┼ц╕б┴б╬ц╓б╦б█ц╔б┬б╟ц╔б÷б╨ц╓б╨б▌APRц╖б б└Apache Tomcatц╕б°б╛ц╕б°б╨ц╔б╨б⌠ц╞б╪б▄ц╗б╞б╔ц╔б╨б⌠ц╔б┘б│ц╗б╝б╦ц╔б°б╗ц╖б■б÷ц╓б╨б╖ц╖б▌б╞ц╔б╒б┐ц╓б╦б╜ц╗б▌б╥ц╔б╬б≈ц╕б°б─ц╓б╫бЁц╕б─б╖ц╗б┐б╫
03-Sep-2021 16:15:27.522 Д©║Ф│╞ [main] org.apache.coyote.AbstractProtocol.init ц╔б┬б²ц╔б╖б▀ц╔б▄б√ц╔б█б▐ц╗б╝б╝ц╔б╓б└ц╖б░б├ц╔б≥б╗ ["http-nio-8080"]
03-Sep-2021 16:15:27.581 Д©║Ф│╞ [main] org.apache.tomcat.util.net.NioSelectorPool.getSharedSelector Using a shared selector for servlet write/read
03-Sep-2021 16:15:27.598 Д©║Ф│╞ [main] org.apache.catalina.startup.Catalina.load Initialization processed in 488 ms
03-Sep-2021 16:15:27.626 Д©║Ф│╞ [main] org.apache.catalina.core.StandardService.startInternal ц╕б╜бёц╔б°б╗ц╔б░б╞ц╔б┼б╗ц╕б°б█ц╔б┼б║[Catalina]
03-Sep-2021 16:15:27.627 Д©║Ф│╞ [main] org.apache.catalina.core.StandardEngine.startInternal ц╕б╜бёц╔б°б╗ц╔б░б╞ц╔б┼б╗ Servlet ц╔б╪б∙ц╕б⌠б▌ц╞б╪б [Apache Tomcat/@VERSION@]
03-Sep-2021 16:15:27.634 Д©║Ф│╞ [localhost-startStop-1] org.apache.catalina.startup.HostConfig.deployDirectory ц╕б┼б┼web ц╔б╨б■ц╖б■б╗ц╖б╗б▀ц╔б╨б▐ц╘б┐б╗ц╖б╫б╡ц╔б┬б╟ц╖б⌡б╝ц╔б╫б∙ [C:\Users\Chinadaas\test\tomcat\catalina-home\webapps\docs]
03-Sep-2021 16:15:28.036 Д©║Ф│╞ [localhost-startStop-1] org.apache.jasper.servlet.TldScanner.scanJars ц╗б┤бЁц╔б╟б▒ц╕б°б┴ц╓б╦б─ц╓б╦б╙JARц╗б╒б╚ц╕б┴б╚ц╕б▐б▐ц╖б■б╗ц╓б╨б▌TLDц╓б╫б├ц╔б╟б ц╕б°б╙ц╔б▄б┘ц╔б░б╚TLDцёб─б┌ ц╓б╦б╨ц╕б╜б╓ц╗б╝б╟ц╔б╫б∙ц╔б≥б╗ц╔б░б╞ц╖б■б╗ц╗б╟б┐ц╗б╞б∙ц╕б≈б╔ц╔б©б≈ц╗б╝б╟ц╔б╫б∙ц╞б╪б▄ц╓б╩б╔ц╗б▌б╥ц╔б▐б√ц╔б╥б╡ц╕б┴б╚ц╕б▐б▐ц╓б╫б├ц╕б°б╙ц╔б°б╗ц╔б┘б╤ц╓б╦б╜ц╕б┴б╬ц╔б┬б╟TLDц╖б б└ц╔б╝б▄ц╕б∙б╢JARц╔б┬б≈ц╗б║б╗цёб─б┌ ц╔б°б╗ц╕б┴б╚ц╕б▐б▐ц╕б°б÷ц╘б≈б╢ц╗б╥бЁц╗б©б┤ц╓б╦б█ц╘б°б─ц╗б╕б│ц╖б б└JARц╔б▐б╞ц╓б╩б╔ц╖б╪б╘ц╖б÷б╜ц╔б░б╞ц╔б┼б╗ц╕б≈б╤ц╘б≈б╢ц╔б▓б▄JSPц╖б╪б√ц╗б╞б▒ц╕б≈б╤ц╘б≈б╢цёб─б┌
03-Sep-2021 16:15:28.267 Х╜╕Е▒┼ [localhost-startStop-1] org.apache.catalina.util.SessionIdGeneratorBase.createSecureRandom ц╓б╫б©ц╖б■б╗[SHA1PRNG]ц╔б┬б⌡ц╔б╩б╨ц╓б╪б ц╗б╞б²IDц╖б■б÷ц╕б┬б░ц╖б б└SecureRandomц╔б╝б·ц╓б╬б▀ц╗б┼б╠ц╗б╢б╧ц╓б╨б├[228]ц╕б╞б╚ц╖б╖б▓цёб─б┌
03-Sep-2021 16:15:28.284 Д©║Ф│╞ [localhost-startStop-1] org.apache.catalina.startup.HostConfig.deployDirectory Webц╔б╨б■ц╖б■б╗ц╖б╗б▀ц╔б╨б▐ц╖б⌡б╝ц╔б╫б∙[C:\Users\Chinadaas\test\tomcat\catalina-home\webapps\docs]ц╖б б└ц╘б┐б╗ц╖б╫б╡ц╔б╥б╡ц╔б°б╗[651]ц╕б╞б╚ц╖б╖б▓ц╔б├б┘ц╔б╝б▄ц╕б┬б░
03-Sep-2021 16:15:28.285 Д©║Ф│╞ [localhost-startStop-1] org.apache.catalina.startup.HostConfig.deployDirectory ц╕б┼б┼web ц╔б╨б■ц╖б■б╗ц╖б╗б▀ц╔б╨б▐ц╘б┐б╗ц╖б╫б╡ц╔б┬б╟ц╖б⌡б╝ц╔б╫б∙ [C:\Users\Chinadaas\test\tomcat\catalina-home\webapps\examples]
03-Sep-2021 16:15:28.450 пео╒ [localhost-startStop-1] org.apache.jasper.servlet.TldScanner.scanJars ╗╗???║Ц??????????JAR╗╗??????????║╖???TLD????║Ц??????????TLD??? ?????║Х╗╗?║Ц?????║╖?????║╖╗╗║Ц?╗╗????????╗╗?║Ц?????????╗╗?║╓????║╓???????????????║╖???????????║ЦTLD?????????JAR???╗╗?║╖??? ??║╖?????????╗╕??╗╗║╓?╗╗?????╗╕??╗╗?????JAR?????????????????║╖???╗╕?????JSP???╗╗?????╗╕?????
03-Sep-2021 16:15:28.464 Д╦╔И┤█ [localhost-startStop-1] org.apache.catalina.core.StandardContext.startInternal ц╓б╦б─ц╓б╦б╙ц╕б┬б√ц╔б╓б ц╓б╦б╙listenersц╔б░б╞ц╔б┼б╗ц╔б╓б╠ц╗б╢б╔ц╞б╪б▄ц╕б⌡б╢ц╔б╓б ц╗б╞б╕ц╖б╩б├ц╓б©б║ц╕б│б╞ц╕б÷б╔ц╖б°б▀ц╔б╞б╧ц╔б╨б■ц╖б б└ц╔б╝б╧ц╔б≥б╗ц╕б≈б╔ц╔б©б≈ц╕б√б┤ц╓б╩б╤
03-Sep-2021 16:15:28.464 Д╦╔И┤█ [localhost-startStop-1] org.apache.catalina.core.StandardContext.startInternal ц╖б■б╠ц╓б╨б▌ц╓б╧б▀ц╔б┴б█ц╖б б└ц╘б■б≥ц╗б╞б╞ц╞б╪б▄Context[/examples]ц╔б░б╞ц╔б┼б╗ц╔б╓б╠ц╗б╢б╔
03-Sep-2021 16:15:28.470 Д©║Ф│╞ [localhost-startStop-1] org.apache.catalina.startup.HostConfig.deployDirectory Webц╔б╨б■ц╖б■б╗ц╖б╗б▀ц╔б╨б▐ц╖б⌡б╝ц╔б╫б∙[C:\Users\Chinadaas\test\tomcat\catalina-home\webapps\examples]ц╖б б└ц╘б┐б╗ц╖б╫б╡ц╔б╥б╡ц╔б°б╗[186]ц╕б╞б╚ц╖б╖б▓ц╔б├б┘ц╔б╝б▄ц╕б┬б░
03-Sep-2021 16:15:28.470 Д©║Ф│╞ [localhost-startStop-1] org.apache.catalina.startup.HostConfig.deployDirectory ц╕б┼б┼web ц╔б╨б■ц╖б■б╗ц╖б╗б▀ц╔б╨б▐ц╘б┐б╗ц╖б╫б╡ц╔б┬б╟ц╖б⌡б╝ц╔б╫б∙ [C:\Users\Chinadaas\test\tomcat\catalina-home\webapps\host-manager]
03-Sep-2021 16:15:28.563 пео╒ [localhost-startStop-1] org.apache.jasper.servlet.TldScanner.scanJars ╗╗???║Ц??????????JAR╗╗??????????║╖???TLD????║Ц??????????TLD??? ?????║Х╗╗?║Ц?????║╖?????║╖╗╗║Ц?╗╗????????╗╗?║Ц?????????╗╗?║╓????║╓???????????????║╖???????????║ЦTLD?????????JAR???╗╗?║╖??? ??║╖?????????╗╕??╗╗║╓?╗╗?????╗╕??╗╗?????JAR?????????????????║╖???╗╕?????JSP???╗╗?????╗╕?????
03-Sep-2021 16:15:28.572 Д©║Ф│╞ [localhost-startStop-1] org.apache.catalina.startup.HostConfig.deployDirectory Webц╔б╨б■ц╖б■б╗ц╖б╗б▀ц╔б╨б▐ц╖б⌡б╝ц╔б╫б∙[C:\Users\Chinadaas\test\tomcat\catalina-home\webapps\host-manager]ц╖б б└ц╘б┐б╗ц╖б╫б╡ц╔б╥б╡ц╔б°б╗[102]ц╕б╞б╚ц╖б╖б▓ц╔б├б┘ц╔б╝б▄ц╕б┬б░
03-Sep-2021 16:15:28.572 Д©║Ф│╞ [localhost-startStop-1] org.apache.catalina.startup.HostConfig.deployDirectory ц╕б┼б┼web ц╔б╨б■ц╖б■б╗ц╖б╗б▀ц╔б╨б▐ц╘б┐б╗ц╖б╫б╡ц╔б┬б╟ц╖б⌡б╝ц╔б╫б∙ [C:\Users\Chinadaas\test\tomcat\catalina-home\webapps\manager]
03-Sep-2021 16:15:28.743 пео╒ [localhost-startStop-1] org.apache.jasper.servlet.TldScanner.scanJars ╗╗???║Ц??????????JAR╗╗??????????║╖???TLD????║Ц??????????TLD??? ?????║Х╗╗?║Ц?????║╖?????║╖╗╗║Ц?╗╗????????╗╗?║Ц?????????╗╗?║╓????║╓???????????????║╖???????????║ЦTLD?????????JAR???╗╗?║╖??? ??║╖?????????╗╕??╗╗║╓?╗╗?????╗╕??╗╗?????JAR?????????????????║╖???╗╕?????JSP???╗╗?????╗╕?????
03-Sep-2021 16:15:28.745 Д©║Ф│╞ [localhost-startStop-1] org.apache.catalina.startup.HostConfig.deployDirectory Webц╔б╨б■ц╖б■б╗ц╖б╗б▀ц╔б╨б▐ц╖б⌡б╝ц╔б╫б∙[C:\Users\Chinadaas\test\tomcat\catalina-home\webapps\manager]ц╖б б└ц╘б┐б╗ц╖б╫б╡ц╔б╥б╡ц╔б°б╗[173]ц╕б╞б╚ц╖б╖б▓ц╔б├б┘ц╔б╝б▄ц╕б┬б░
03-Sep-2021 16:15:28.745 Д©║Ф│╞ [localhost-startStop-1] org.apache.catalina.startup.HostConfig.deployDirectory ц╕б┼б┼web ц╔б╨б■ц╖б■б╗ц╖б╗б▀ц╔б╨б▐ц╘б┐б╗ц╖б╫б╡ц╔б┬б╟ц╖б⌡б╝ц╔б╫б∙ [C:\Users\Chinadaas\test\tomcat\catalina-home\webapps\ROOT]
03-Sep-2021 16:15:28.806 Д©║Ф│╞ [localhost-startStop-1] org.apache.jasper.servlet.TldScanner.scanJars ц╗б┤бЁц╔б╟б▒ц╕б°б┴ц╓б╦б─ц╓б╦б╙JARц╗б╒б╚ц╕б┴б╚ц╕б▐б▐ц╖б■б╗ц╓б╨б▌TLDц╓б╫б├ц╔б╟б ц╕б°б╙ц╔б▄б┘ц╔б░б╚TLDцёб─б┌ ц╓б╦б╨ц╕б╜б╓ц╗б╝б╟ц╔б╫б∙ц╔б≥б╗ц╔б░б╞ц╖б■б╗ц╗б╟б┐ц╗б╞б∙ц╕б≈б╔ц╔б©б≈ц╗б╝б╟ц╔б╫б∙ц╞б╪б▄ц╓б╩б╔ц╗б▌б╥ц╔б▐б√ц╔б╥б╡ц╕б┴б╚ц╕б▐б▐ц╓б╫б├ц╕б°б╙ц╔б°б╗ц╔б┘б╤ц╓б╦б╜ц╕б┴б╬ц╔б┬б╟TLDц╖б б└ц╔б╝б▄ц╕б∙б╢JARц╔б┬б≈ц╗б║б╗цёб─б┌ ц╔б°б╗ц╕б┴б╚ц╕б▐б▐ц╕б°б÷ц╘б≈б╢ц╗б╥бЁц╗б©б┤ц╓б╦б█ц╘б°б─ц╗б╕б│ц╖б б└JARц╔б▐б╞ц╓б╩б╔ц╖б╪б╘ц╖б÷б╜ц╔б░б╞ц╔б┼б╗ц╕б≈б╤ц╘б≈б╢ц╔б▓б▄JSPц╖б╪б√ц╗б╞б▒ц╕б≈б╤ц╘б≈б╢цёб─б┌
03-Sep-2021 16:15:28.807 Д©║Ф│╞ [localhost-startStop-1] org.apache.catalina.startup.HostConfig.deployDirectory Webц╔б╨б■ц╖б■б╗ц╖б╗б▀ц╔б╨б▐ц╖б⌡б╝ц╔б╫б∙[C:\Users\Chinadaas\test\tomcat\catalina-home\webapps\ROOT]ц╖б б└ц╘б┐б╗ц╖б╫б╡ц╔б╥б╡ц╔б°б╗[62]ц╕б╞б╚ц╖б╖б▓ц╔б├б┘ц╔б╝б▄ц╕б┬б░
03-Sep-2021 16:15:28.809 Д©║Ф│╞ [main] org.apache.coyote.AbstractProtocol.start ц╔б╪б─ц╔б╖б▀ц╔б█б▐ц╗б╝б╝ц╔б╓б└ц╖б░б├ц╔б▐б╔ц╕б÷б└["http-nio-8080"]
03-Sep-2021 16:15:28.816 Д©║Ф│╞ [main] org.apache.catalina.startup.Catalina.start Server startup in 1216 ms
03-Sep-2021 16:17:07.886 Д©║Ф│╞ [main] org.apache.catalina.startup.VersionLoggerListener.log Server.ц╕б°б█ц╔б┼б║ц╔б≥б╗ц╖б┴б┬ц╕б°б╛: Apache Tomcat/@VERSION@
03-Sep-2021 16:17:07.891 Д©║Ф│╞ [main] org.apache.catalina.startup.VersionLoggerListener.log ц╕б°б█ц╔б┼б║ц╔б≥б╗ц╕б·б└ц╔б╩б╨:        @VERSION_BUILT@
03-Sep-2021 16:17:07.891 Д©║Ф│╞ [main] org.apache.catalina.startup.VersionLoggerListener.log ц╕б°б█ц╔б┼б║ц╔б≥б╗ц╖б┴б┬ц╕б°б╛ц╔б▐б╥:      @VERSION_NUMBER@
03-Sep-2021 16:17:07.891 Д©║Ф│╞ [main] org.apache.catalina.startup.VersionLoggerListener.log ц╕б⌠б█ц╓б╫б°ц╖бЁб╩ц╖б╩б÷ц╔б░б█ц╖б╖б╟:      Windows 10
03-Sep-2021 16:17:07.891 Д©║Ф│╞ [main] org.apache.catalina.startup.VersionLoggerListener.log OS.ц╖б┴б┬ц╕б°б╛:           10.0
03-Sep-2021 16:17:07.891 Д©║Ф│╞ [main] org.apache.catalina.startup.VersionLoggerListener.log ц╕б·б╤ц╕б·б└:              amd64
03-Sep-2021 16:17:07.891 Д©║Ф│╞ [main] org.apache.catalina.startup.VersionLoggerListener.log Java ц╖б▌б╞ц╔б╒б┐ц╔б▐б≤ц╘б┤б▐:     C:\Users\Chinadaas\Downloads\jdk1.8.0_71\jdk1.8.0_71_bak\jre
03-Sep-2021 16:17:07.891 Д©║Ф│╞ [main] org.apache.catalina.startup.VersionLoggerListener.log Javaц╗б≥б ц╕б▀б÷ц╕б°б╨ц╖б┴б┬ц╕б°б╛:    1.8.0_71-b15
03-Sep-2021 16:17:07.891 Д©║Ф│╞ [main] org.apache.catalina.startup.VersionLoggerListener.log JVM.ц╓б╬б⌡ц╔б╨б■ц╔б∙б├:        Oracle Corporation
03-Sep-2021 16:17:07.891 Д©║Ф│╞ [main] org.apache.catalina.startup.VersionLoggerListener.log CATALINA_BASE:     C:\Users\Chinadaas\test\tomcat\catalina-home
03-Sep-2021 16:17:07.892 Д©║Ф│╞ [main] org.apache.catalina.startup.VersionLoggerListener.log CATALINA_HOME:     C:\Users\Chinadaas\test\tomcat\catalina-home
03-Sep-2021 16:17:07.892 Д©║Ф│╞ [main] org.apache.catalina.startup.VersionLoggerListener.log ц╔б▒б╫ц╓б╩б╓ц╗б║б▄ц╔б▐б┌ц╕б∙б╟ц╞б╪б        -Dvisualvm.id=346670018731600
03-Sep-2021 16:17:07.892 Д©║Ф│╞ [main] org.apache.catalina.startup.VersionLoggerListener.log ц╔б▒б╫ц╓б╩б╓ц╗б║б▄ц╔б▐б┌ц╕б∙б╟ц╞б╪б        -Dcatalina.home=catalina-home
03-Sep-2021 16:17:07.892 Д©║Ф│╞ [main] org.apache.catalina.startup.VersionLoggerListener.log ц╔б▒б╫ц╓б╩б╓ц╗б║б▄ц╔б▐б┌ц╕б∙б╟ц╞б╪б        -Dcatalina.base=catalina-home
03-Sep-2021 16:17:07.892 Д©║Ф│╞ [main] org.apache.catalina.startup.VersionLoggerListener.log ц╔б▒б╫ц╓б╩б╓ц╗б║б▄ц╔б▐б┌ц╕б∙б╟ц╞б╪б        -Djava.endorsed.dirs=catalina-home/endorsed
03-Sep-2021 16:17:07.892 Д©║Ф│╞ [main] org.apache.catalina.startup.VersionLoggerListener.log ц╔б▒б╫ц╓б╩б╓ц╗б║б▄ц╔б▐б┌ц╕б∙б╟ц╞б╪б        -Djava.io.tmpdir=catalina-home/temp
03-Sep-2021 16:17:07.892 Д©║Ф│╞ [main] org.apache.catalina.startup.VersionLoggerListener.log ц╔б▒б╫ц╓б╩б╓ц╗б║б▄ц╔б▐б┌ц╕б∙б╟ц╞б╪б        -Djava.util.logging.manager=org.apache.juli.ClassLoaderLogManager
03-Sep-2021 16:17:07.892 Д©║Ф│╞ [main] org.apache.catalina.startup.VersionLoggerListener.log ц╔б▒б╫ц╓б╩б╓ц╗б║б▄ц╔б▐б┌ц╕б∙б╟ц╞б╪б        -Djava.util.logging.config.file=catalina-home/conf/logging.properties
03-Sep-2021 16:17:07.892 Д©║Ф│╞ [main] org.apache.catalina.startup.VersionLoggerListener.log ц╔б▒б╫ц╓б╩б╓ц╗б║б▄ц╔б▐б┌ц╕б∙б╟ц╞б╪б        -Dfile.encoding=UTF-8
03-Sep-2021 16:17:07.892 Д©║Ф│╞ [main] org.apache.catalina.startup.VersionLoggerListener.log ц╔б▒б╫ц╓б╩б╓ц╗б║б▄ц╔б▐б┌ц╕б∙б╟ц╞б╪б        -javaagent:C:\Program Files\JetBrains\IntelliJ IDEA 2021.1.3\lib\idea_rt.jar=57635:C:\Program Files\JetBrains\IntelliJ IDEA 2021.1.3\bin
03-Sep-2021 16:17:07.893 Д©║Ф│╞ [main] org.apache.catalina.core.AprLifecycleListener.lifecycleEvent ц╔б°б╗java.library.path:[C:\Users\Chinadaas\Downloads\jdk1.8.0_71\jdk1.8.0_71_bak\bin;C:\WINDOWS\Sun\Java\bin;C:\WINDOWS\system32;C:\WINDOWS;C:\WINDOWS\system32;C:\WINDOWS;C:\WINDOWS\System32\Wbem;C:\WINDOWS\System32\WindowsPowerShell\v1.0\;C:\WINDOWS\System32\OpenSSH\;C:\Program Files\Git\cmd;C:\Program Files\TortoiseGit\bin;C:\Program Files\Intel\WiFi\bin\;C:\Program Files\Common Files\Intel\WirelessCommon\;C:\Program Files\MySQL\MySQL Server 5.5\bin;C:\Users\Chinadaas\Downloads\apache-maven-3.6.0-bin\apache-maven-3.6.0\bin;C:\Program Files (x86)\Windows Kits\8.1\Windows Performance Toolkit\;C:\Program Files\nodejs\;C:\Program Files\gradle-5.6.4-bin\gradle-5.6.4\bin;C:\Users\Chinadaas\programs\go\bin;C:\Program Files\Java\jdk1.8.0_71_bak\bin;C:\Users\Chinadaas\AppData\Local\Programs\Python\Python39\Scripts\;C:\Users\Chinadaas\AppData\Local\Programs\Python\Python39\;C:\Users\Chinadaas\AppData\Local\Microsoft\WindowsApps;C:\Program Files\Intel\WiFi\bin\;C:\Program Files\Common Files\Intel\WirelessCommon\;C:\Program Files\Java\jdk1.7.0_71\bin;C:\Program Files\Java\jdk1.7.0_71\jre\bin;C:\Program Files\Microsoft VS Code\bin;C:\Users\Chinadaas\AppData\Local\BypassRuntm;C:\Users\Chinadaas\AppData\Local\Microsoft\WindowsApps;C:\Users\Chinadaas\AppData\Roaming\npm;.]ц╓б╦б┼ц╕б┴б╬ц╓б╦б█ц╔б┬б╟ц╔б÷б╨ц╓б╨б▌APRц╖б б└Apache Tomcatц╕б°б╛ц╕б°б╨ц╔б╨б⌠ц╞б╪б▄ц╗б╞б╔ц╔б╨б⌠ц╔б┘б│ц╗б╝б╦ц╔б°б╗ц╖б■б÷ц╓б╨б╖ц╖б▌б╞ц╔б╒б┐ц╓б╦б╜ц╗б▌б╥ц╔б╬б≈ц╕б°б─ц╓б╫бЁц╕б─б╖ц╗б┐б╫
03-Sep-2021 16:17:08.030 Д©║Ф│╞ [main] org.apache.coyote.AbstractProtocol.init ц╔б┬б²ц╔б╖б▀ц╔б▄б√ц╔б█б▐ц╗б╝б╝ц╔б╓б└ц╖б░б├ц╔б≥б╗ ["http-nio-8080"]
03-Sep-2021 16:17:08.116 Д©║Ф│╞ [main] org.apache.tomcat.util.net.NioSelectorPool.getSharedSelector Using a shared selector for servlet write/read
03-Sep-2021 16:17:08.137 Д©║Ф│╞ [main] org.apache.catalina.startup.Catalina.load Initialization processed in 715 ms
03-Sep-2021 16:17:08.184 Д©║Ф│╞ [main] org.apache.catalina.core.StandardService.startInternal ц╕б╜бёц╔б°б╗ц╔б░б╞ц╔б┼б╗ц╕б°б█ц╔б┼б║[Catalina]
03-Sep-2021 16:17:08.184 Д©║Ф│╞ [main] org.apache.catalina.core.StandardEngine.startInternal ц╕б╜бёц╔б°б╗ц╔б░б╞ц╔б┼б╗ Servlet ц╔б╪б∙ц╕б⌠б▌ц╞б╪б [Apache Tomcat/@VERSION@]
03-Sep-2021 16:17:08.196 Д©║Ф│╞ [localhost-startStop-1] org.apache.catalina.startup.HostConfig.deployDirectory ц╕б┼б┼web ц╔б╨б■ц╖б■б╗ц╖б╗б▀ц╔б╨б▐ц╘б┐б╗ц╖б╫б╡ц╔б┬б╟ц╖б⌡б╝ц╔б╫б∙ [C:\Users\Chinadaas\test\tomcat\catalina-home\webapps\docs]
03-Sep-2021 16:17:08.683 Д©║Ф│╞ [localhost-startStop-1] org.apache.jasper.servlet.TldScanner.scanJars ц╗б┤бЁц╔б╟б▒ц╕б°б┴ц╓б╦б─ц╓б╦б╙JARц╗б╒б╚ц╕б┴б╚ц╕б▐б▐ц╖б■б╗ц╓б╨б▌TLDц╓б╫б├ц╔б╟б ц╕б°б╙ц╔б▄б┘ц╔б░б╚TLDцёб─б┌ ц╓б╦б╨ц╕б╜б╓ц╗б╝б╟ц╔б╫б∙ц╔б≥б╗ц╔б░б╞ц╖б■б╗ц╗б╟б┐ц╗б╞б∙ц╕б≈б╔ц╔б©б≈ц╗б╝б╟ц╔б╫б∙ц╞б╪б▄ц╓б╩б╔ц╗б▌б╥ц╔б▐б√ц╔б╥б╡ц╕б┴б╚ц╕б▐б▐ц╓б╫б├ц╕б°б╙ц╔б°б╗ц╔б┘б╤ц╓б╦б╜ц╕б┴б╬ц╔б┬б╟TLDц╖б б└ц╔б╝б▄ц╕б∙б╢JARц╔б┬б≈ц╗б║б╗цёб─б┌ ц╔б°б╗ц╕б┴б╚ц╕б▐б▐ц╕б°б÷ц╘б≈б╢ц╗б╥бЁц╗б©б┤ц╓б╦б█ц╘б°б─ц╗б╕б│ц╖б б└JARц╔б▐б╞ц╓б╩б╔ц╖б╪б╘ц╖б÷б╜ц╔б░б╞ц╔б┼б╗ц╕б≈б╤ц╘б≈б╢ц╔б▓б▄JSPц╖б╪б√ц╗б╞б▒ц╕б≈б╤ц╘б≈б╢цёб─б┌
03-Sep-2021 16:17:09.000 Х╜╕Е▒┼ [localhost-startStop-1] org.apache.catalina.util.SessionIdGeneratorBase.createSecureRandom ц╓б╫б©ц╖б■б╗[SHA1PRNG]ц╔б┬б⌡ц╔б╩б╨ц╓б╪б ц╗б╞б²IDц╖б■б÷ц╕б┬б░ц╖б б└SecureRandomц╔б╝б·ц╓б╬б▀ц╗б┼б╠ц╗б╢б╧ц╓б╨б├[312]ц╕б╞б╚ц╖б╖б▓цёб─б┌
03-Sep-2021 16:17:09.020 Д©║Ф│╞ [localhost-startStop-1] org.apache.catalina.startup.HostConfig.deployDirectory Webц╔б╨б■ц╖б■б╗ц╖б╗б▀ц╔б╨б▐ц╖б⌡б╝ц╔б╫б∙[C:\Users\Chinadaas\test\tomcat\catalina-home\webapps\docs]ц╖б б└ц╘б┐б╗ц╖б╫б╡ц╔б╥б╡ц╔б°б╗[824]ц╕б╞б╚ц╖б╖б▓ц╔б├б┘ц╔б╝б▄ц╕б┬б░
03-Sep-2021 16:17:09.020 Д©║Ф│╞ [localhost-startStop-1] org.apache.catalina.startup.HostConfig.deployDirectory ц╕б┼б┼web ц╔б╨б■ц╖б■б╗ц╖б╗б▀ц╔б╨б▐ц╘б┐б╗ц╖б╫б╡ц╔б┬б╟ц╖б⌡б╝ц╔б╫б∙ [C:\Users\Chinadaas\test\tomcat\catalina-home\webapps\examples]
03-Sep-2021 16:17:09.269 пео╒ [localhost-startStop-1] org.apache.jasper.servlet.TldScanner.scanJars ╗╗???║Ц??????????JAR╗╗??????????║╖???TLD????║Ц??????????TLD??? ?????║Х╗╗?║Ц?????║╖?????║╖╗╗║Ц?╗╗????????╗╗?║Ц?????????╗╗?║╓????║╓???????????????║╖???????????║ЦTLD?????????JAR???╗╗?║╖??? ??║╖?????????╗╕??╗╗║╓?╗╗?????╗╕??╗╗?????JAR?????????????????║╖???╗╕?????JSP???╗╗?????╗╕?????
03-Sep-2021 16:17:09.290 Д╦╔И┤█ [localhost-startStop-1] org.apache.catalina.core.StandardContext.startInternal ц╓б╦б─ц╓б╦б╙ц╕б┬б√ц╔б╓б ц╓б╦б╙listenersц╔б░б╞ц╔б┼б╗ц╔б╓б╠ц╗б╢б╔ц╞б╪б▄ц╕б⌡б╢ц╔б╓б ц╗б╞б╕ц╖б╩б├ц╓б©б║ц╕б│б╞ц╕б÷б╔ц╖б°б▀ц╔б╞б╧ц╔б╨б■ц╖б б└ц╔б╝б╧ц╔б≥б╗ц╕б≈б╔ц╔б©б≈ц╕б√б┤ц╓б╩б╤
03-Sep-2021 16:17:09.290 Д╦╔И┤█ [localhost-startStop-1] org.apache.catalina.core.StandardContext.startInternal ц╖б■б╠ц╓б╨б▌ц╓б╧б▀ц╔б┴б█ц╖б б└ц╘б■б≥ц╗б╞б╞ц╞б╪б▄Context[/examples]ц╔б░б╞ц╔б┼б╗ц╔б╓б╠ц╗б╢б╔
03-Sep-2021 16:17:09.302 Д©║Ф│╞ [localhost-startStop-1] org.apache.catalina.startup.HostConfig.deployDirectory Webц╔б╨б■ц╖б■б╗ц╖б╗б▀ц╔б╨б▐ц╖б⌡б╝ц╔б╫б∙[C:\Users\Chinadaas\test\tomcat\catalina-home\webapps\examples]ц╖б б└ц╘б┐б╗ц╖б╫б╡ц╔б╥б╡ц╔б°б╗[282]ц╕б╞б╚ц╖б╖б▓ц╔б├б┘ц╔б╝б▄ц╕б┬б░
03-Sep-2021 16:17:09.302 Д©║Ф│╞ [localhost-startStop-1] org.apache.catalina.startup.HostConfig.deployDirectory ц╕б┼б┼web ц╔б╨б■ц╖б■б╗ц╖б╗б▀ц╔б╨б▐ц╘б┐б╗ц╖б╫б╡ц╔б┬б╟ц╖б⌡б╝ц╔б╫б∙ [C:\Users\Chinadaas\test\tomcat\catalina-home\webapps\host-manager]
03-Sep-2021 16:17:09.430 пео╒ [localhost-startStop-1] org.apache.jasper.servlet.TldScanner.scanJars ╗╗???║Ц??????????JAR╗╗??????????║╖???TLD????║Ц??????????TLD??? ?????║Х╗╗?║Ц?????║╖?????║╖╗╗║Ц?╗╗????????╗╗?║Ц?????????╗╗?║╓????║╓???????????????║╖???????????║ЦTLD?????????JAR???╗╗?║╖??? ??║╖?????????╗╕??╗╗║╓?╗╗?????╗╕??╗╗?????JAR?????????????????║╖???╗╕?????JSP???╗╗?????╗╕?????
03-Sep-2021 16:17:09.441 Д©║Ф│╞ [localhost-startStop-1] org.apache.catalina.startup.HostConfig.deployDirectory Webц╔б╨б■ц╖б■б╗ц╖б╗б▀ц╔б╨б▐ц╖б⌡б╝ц╔б╫б∙[C:\Users\Chinadaas\test\tomcat\catalina-home\webapps\host-manager]ц╖б б└ц╘б┐б╗ц╖б╫б╡ц╔б╥б╡ц╔б°б╗[139]ц╕б╞б╚ц╖б╖б▓ц╔б├б┘ц╔б╝б▄ц╕б┬б░
03-Sep-2021 16:17:09.441 Д©║Ф│╞ [localhost-startStop-1] org.apache.catalina.startup.HostConfig.deployDirectory ц╕б┼б┼web ц╔б╨б■ц╖б■б╗ц╖б╗б▀ц╔б╨б▐ц╘б┐б╗ц╖б╫б╡ц╔б┬б╟ц╖б⌡б╝ц╔б╫б∙ [C:\Users\Chinadaas\test\tomcat\catalina-home\webapps\manager]
03-Sep-2021 16:17:09.604 пео╒ [localhost-startStop-1] org.apache.jasper.servlet.TldScanner.scanJars ╗╗???║Ц??????????JAR╗╗??????????║╖???TLD????║Ц??????????TLD??? ?????║Х╗╗?║Ц?????║╖?????║╖╗╗║Ц?╗╗????????╗╗?║Ц?????????╗╗?║╓????║╓???????????????║╖???????????║ЦTLD?????????JAR???╗╗?║╖??? ??║╖?????????╗╕??╗╗║╓?╗╗?????╗╕??╗╗?????JAR?????????????????║╖???╗╕?????JSP???╗╗?????╗╕?????
03-Sep-2021 16:17:09.606 Д©║Ф│╞ [localhost-startStop-1] org.apache.catalina.startup.HostConfig.deployDirectory Webц╔б╨б■ц╖б■б╗ц╖б╗б▀ц╔б╨б▐ц╖б⌡б╝ц╔б╫б∙[C:\Users\Chinadaas\test\tomcat\catalina-home\webapps\manager]ц╖б б└ц╘б┐б╗ц╖б╫б╡ц╔б╥б╡ц╔б°б╗[165]ц╕б╞б╚ц╖б╖б▓ц╔б├б┘ц╔б╝б▄ц╕б┬б░
03-Sep-2021 16:17:09.607 Д©║Ф│╞ [localhost-startStop-1] org.apache.catalina.startup.HostConfig.deployDirectory ц╕б┼б┼web ц╔б╨б■ц╖б■б╗ц╖б╗б▀ц╔б╨б▐ц╘б┐б╗ц╖б╫б╡ц╔б┬б╟ц╖б⌡б╝ц╔б╫б∙ [C:\Users\Chinadaas\test\tomcat\catalina-home\webapps\ROOT]
03-Sep-2021 16:17:09.709 Д©║Ф│╞ [localhost-startStop-1] org.apache.jasper.servlet.TldScanner.scanJars ц╗б┤бЁц╔б╟б▒ц╕б°б┴ц╓б╦б─ц╓б╦б╙JARц╗б╒б╚ц╕б┴б╚ц╕б▐б▐ц╖б■б╗ц╓б╨б▌TLDц╓б╫б├ц╔б╟б ц╕б°б╙ц╔б▄б┘ц╔б░б╚TLDцёб─б┌ ц╓б╦б╨ц╕б╜б╓ц╗б╝б╟ц╔б╫б∙ц╔б≥б╗ц╔б░б╞ц╖б■б╗ц╗б╟б┐ц╗б╞б∙ц╕б≈б╔ц╔б©б≈ц╗б╝б╟ц╔б╫б∙ц╞б╪б▄ц╓б╩б╔ц╗б▌б╥ц╔б▐б√ц╔б╥б╡ц╕б┴б╚ц╕б▐б▐ц╓б╫б├ц╕б°б╙ц╔б°б╗ц╔б┘б╤ц╓б╦б╜ц╕б┴б╬ц╔б┬б╟TLDц╖б б└ц╔б╝б▄ц╕б∙б╢JARц╔б┬б≈ц╗б║б╗цёб─б┌ ц╔б°б╗ц╕б┴б╚ц╕б▐б▐ц╕б°б÷ц╘б≈б╢ц╗б╥бЁц╗б©б┤ц╓б╦б█ц╘б°б─ц╗б╕б│ц╖б б└JARц╔б▐б╞ц╓б╩б╔ц╖б╪б╘ц╖б÷б╜ц╔б░б╞ц╔б┼б╗ц╕б≈б╤ц╘б≈б╢ц╔б▓б▄JSPц╖б╪б√ц╗б╞б▒ц╕б≈б╤ц╘б≈б╢цёб─б┌
03-Sep-2021 16:17:09.712 Д©║Ф│╞ [localhost-startStop-1] org.apache.catalina.startup.HostConfig.deployDirectory Webц╔б╨б■ц╖б■б╗ц╖б╗б▀ц╔б╨б▐ц╖б⌡б╝ц╔б╫б∙[C:\Users\Chinadaas\test\tomcat\catalina-home\webapps\ROOT]ц╖б б└ц╘б┐б╗ц╖б╫б╡ц╔б╥б╡ц╔б°б╗[104]ц╕б╞б╚ц╖б╖б▓ц╔б├б┘ц╔б╝б▄ц╕б┬б░
03-Sep-2021 16:17:09.714 Д©║Ф│╞ [main] org.apache.coyote.AbstractProtocol.start ц╔б╪б─ц╔б╖б▀ц╔б█б▐ц╗б╝б╝ц╔б╓б└ц╖б░б├ц╔б▐б╔ц╕б÷б└["http-nio-8080"]
03-Sep-2021 16:17:09.722 Д©║Ф│╞ [main] org.apache.catalina.startup.Catalina.start Server startup in 1585 ms
