05-Sep-2021 09:09:16.397 Д©║Ф│╞ [main] org.apache.catalina.startup.VersionLoggerListener.log Server.ц╕б°б█ц╔б┼б║ц╔б≥б╗ц╖б┴б┬ц╕б°б╛: Apache Tomcat/@VERSION@
05-Sep-2021 09:09:16.404 Д©║Ф│╞ [main] org.apache.catalina.startup.VersionLoggerListener.log ц╕б°б█ц╔б┼б║ц╔б≥б╗ц╕б·б└ц╔б╩б╨:        @VERSION_BUILT@
05-Sep-2021 09:09:16.405 Д©║Ф│╞ [main] org.apache.catalina.startup.VersionLoggerListener.log ц╕б°б█ц╔б┼б║ц╔б≥б╗ц╖б┴б┬ц╕б°б╛ц╔б▐б╥:      @VERSION_NUMBER@
05-Sep-2021 09:09:16.405 Д©║Ф│╞ [main] org.apache.catalina.startup.VersionLoggerListener.log ц╕б⌠б█ц╓б╫б°ц╖бЁб╩ц╖б╩б÷ц╔б░б█ц╖б╖б╟:      Windows 10
05-Sep-2021 09:09:16.405 Д©║Ф│╞ [main] org.apache.catalina.startup.VersionLoggerListener.log OS.ц╖б┴б┬ц╕б°б╛:           10.0
05-Sep-2021 09:09:16.405 Д©║Ф│╞ [main] org.apache.catalina.startup.VersionLoggerListener.log ц╕б·б╤ц╕б·б└:              amd64
05-Sep-2021 09:09:16.405 Д©║Ф│╞ [main] org.apache.catalina.startup.VersionLoggerListener.log Java ц╖б▌б╞ц╔б╒б┐ц╔б▐б≤ц╘б┤б▐:     C:\Users\Chinadaas\Downloads\jdk1.8.0_71\jdk1.8.0_71_bak\jre
05-Sep-2021 09:09:16.405 Д©║Ф│╞ [main] org.apache.catalina.startup.VersionLoggerListener.log Javaц╗б≥б ц╕б▀б÷ц╕б°б╨ц╖б┴б┬ц╕б°б╛:    1.8.0_71-b15
05-Sep-2021 09:09:16.405 Д©║Ф│╞ [main] org.apache.catalina.startup.VersionLoggerListener.log JVM.ц╓б╬б⌡ц╔б╨б■ц╔б∙б├:        Oracle Corporation
05-Sep-2021 09:09:16.405 Д©║Ф│╞ [main] org.apache.catalina.startup.VersionLoggerListener.log CATALINA_BASE:     C:\Users\Chinadaas\test\tomcat\catalina-home
05-Sep-2021 09:09:16.405 Д©║Ф│╞ [main] org.apache.catalina.startup.VersionLoggerListener.log CATALINA_HOME:     C:\Users\Chinadaas\test\tomcat\catalina-home
05-Sep-2021 09:09:16.405 Д©║Ф│╞ [main] org.apache.catalina.startup.VersionLoggerListener.log ц╔б▒б╫ц╓б╩б╓ц╗б║б▄ц╔б▐б┌ц╕б∙б╟ц╞б╪б        -agentlib:jdwp=transport=dt_socket,address=127.0.0.1:52933,suspend=y,server=n
05-Sep-2021 09:09:16.405 Д©║Ф│╞ [main] org.apache.catalina.startup.VersionLoggerListener.log ц╔б▒б╫ц╓б╩б╓ц╗б║б▄ц╔б▐б┌ц╕б∙б╟ц╞б╪б        -Dvisualvm.id=4585527736300
05-Sep-2021 09:09:16.405 Д©║Ф│╞ [main] org.apache.catalina.startup.VersionLoggerListener.log ц╔б▒б╫ц╓б╩б╓ц╗б║б▄ц╔б▐б┌ц╕б∙б╟ц╞б╪б        -Dcatalina.home=catalina-home
05-Sep-2021 09:09:16.405 Д©║Ф│╞ [main] org.apache.catalina.startup.VersionLoggerListener.log ц╔б▒б╫ц╓б╩б╓ц╗б║б▄ц╔б▐б┌ц╕б∙б╟ц╞б╪б        -Dcatalina.base=catalina-home
05-Sep-2021 09:09:16.405 Д©║Ф│╞ [main] org.apache.catalina.startup.VersionLoggerListener.log ц╔б▒б╫ц╓б╩б╓ц╗б║б▄ц╔б▐б┌ц╕б∙б╟ц╞б╪б        -Djava.endorsed.dirs=catalina-home/endorsed
05-Sep-2021 09:09:16.406 Д©║Ф│╞ [main] org.apache.catalina.startup.VersionLoggerListener.log ц╔б▒б╫ц╓б╩б╓ц╗б║б▄ц╔б▐б┌ц╕б∙б╟ц╞б╪б        -Djava.io.tmpdir=catalina-home/temp
05-Sep-2021 09:09:16.406 Д©║Ф│╞ [main] org.apache.catalina.startup.VersionLoggerListener.log ц╔б▒б╫ц╓б╩б╓ц╗б║б▄ц╔б▐б┌ц╕б∙б╟ц╞б╪б        -Djava.util.logging.manager=org.apache.juli.ClassLoaderLogManager
05-Sep-2021 09:09:16.406 Д©║Ф│╞ [main] org.apache.catalina.startup.VersionLoggerListener.log ц╔б▒б╫ц╓б╩б╓ц╗б║б▄ц╔б▐б┌ц╕б∙б╟ц╞б╪б        -Djava.util.logging.config.file=catalina-home/conf/logging.properties
05-Sep-2021 09:09:16.406 Д©║Ф│╞ [main] org.apache.catalina.startup.VersionLoggerListener.log ц╔б▒б╫ц╓б╩б╓ц╗б║б▄ц╔б▐б┌ц╕б∙б╟ц╞б╪б        -Dfile.encoding=UTF-8
05-Sep-2021 09:09:16.406 Д©║Ф│╞ [main] org.apache.catalina.startup.VersionLoggerListener.log ц╔б▒б╫ц╓б╩б╓ц╗б║б▄ц╔б▐б┌ц╕б∙б╟ц╞б╪б        -javaagent:C:\Users\Chinadaas\AppData\Local\JetBrains\IntelliJIdea2021.1\captureAgent\debugger-agent.jar
05-Sep-2021 09:09:16.406 Д©║Ф│╞ [main] org.apache.catalina.core.AprLifecycleListener.lifecycleEvent ц╔б°б╗java.library.path:[C:\Users\Chinadaas\Downloads\jdk1.8.0_71\jdk1.8.0_71_bak\bin;C:\WINDOWS\Sun\Java\bin;C:\WINDOWS\system32;C:\WINDOWS;C:\WINDOWS\system32;C:\WINDOWS;C:\WINDOWS\System32\Wbem;C:\WINDOWS\System32\WindowsPowerShell\v1.0\;C:\WINDOWS\System32\OpenSSH\;C:\Program Files\Git\cmd;C:\Program Files\TortoiseGit\bin;C:\Program Files\Intel\WiFi\bin\;C:\Program Files\Common Files\Intel\WirelessCommon\;C:\Program Files\MySQL\MySQL Server 5.5\bin;C:\Users\Chinadaas\Downloads\apache-maven-3.6.0-bin\apache-maven-3.6.0\bin;C:\Program Files (x86)\Windows Kits\8.1\Windows Performance Toolkit\;C:\Program Files\nodejs\;C:\Program Files\gradle-5.6.4-bin\gradle-5.6.4\bin;C:\Users\Chinadaas\programs\go\bin;C:\Program Files\Java\jdk1.8.0_71_bak\bin;C:\Users\Chinadaas\AppData\Local\Programs\Python\Python39\Scripts\;C:\Users\Chinadaas\AppData\Local\Programs\Python\Python39\;C:\Users\Chinadaas\AppData\Local\Microsoft\WindowsApps;C:\Program Files\Intel\WiFi\bin\;C:\Program Files\Common Files\Intel\WirelessCommon\;C:\Program Files\Java\jdk1.7.0_71\bin;C:\Program Files\Java\jdk1.7.0_71\jre\bin;C:\Program Files\Microsoft VS Code\bin;C:\Users\Chinadaas\AppData\Local\BypassRuntm;C:\Users\Chinadaas\AppData\Local\Microsoft\WindowsApps;C:\Users\Chinadaas\AppData\Roaming\npm;.]ц╓б╦б┼ц╕б┴б╬ц╓б╦б█ц╔б┬б╟ц╔б÷б╨ц╓б╨б▌APRц╖б б└Apache Tomcatц╕б°б╛ц╕б°б╨ц╔б╨б⌠ц╞б╪б▄ц╗б╞б╔ц╔б╨б⌠ц╔б┘б│ц╗б╝б╦ц╔б°б╗ц╖б■б÷ц╓б╨б╖ц╖б▌б╞ц╔б╒б┐ц╓б╦б╜ц╗б▌б╥ц╔б╬б≈ц╕б°б─ц╓б╫бЁц╕б─б╖ц╗б┐б╫
05-Sep-2021 09:09:16.661 Д©║Ф│╞ [main] org.apache.coyote.AbstractProtocol.init ц╔б┬б²ц╔б╖б▀ц╔б▄б√ц╔б█б▐ц╗б╝б╝ц╔б╓б└ц╖б░б├ц╔б≥б╗ ["http-nio-8080"]
05-Sep-2021 09:09:16.723 Д©║Ф│╞ [main] org.apache.tomcat.util.net.NioSelectorPool.getSharedSelector Using a shared selector for servlet write/read
05-Sep-2021 09:09:16.750 Д©║Ф│╞ [main] org.apache.catalina.startup.Catalina.load Initialization processed in 1839 ms
05-Sep-2021 09:09:16.925 Д©║Ф│╞ [main] org.apache.catalina.core.StandardService.startInternal ц╕б╜бёц╔б°б╗ц╔б░б╞ц╔б┼б╗ц╕б°б█ц╔б┼б║[Catalina]
05-Sep-2021 09:09:16.925 Д©║Ф│╞ [main] org.apache.catalina.core.StandardEngine.startInternal ц╕б╜бёц╔б°б╗ц╔б░б╞ц╔б┼б╗ Servlet ц╔б╪б∙ц╕б⌠б▌ц╞б╪б [Apache Tomcat/@VERSION@]
05-Sep-2021 09:09:16.995 Д©║Ф│╞ [localhost-startStop-1] org.apache.catalina.startup.HostConfig.deployDirectory ц╕б┼б┼web ц╔б╨б■ц╖б■б╗ц╖б╗б▀ц╔б╨б▐ц╘б┐б╗ц╖б╫б╡ц╔б┬б╟ц╖б⌡б╝ц╔б╫б∙ [C:\Users\Chinadaas\test\tomcat\catalina-home\webapps\docs]
05-Sep-2021 09:09:18.294 Д©║Ф│╞ [localhost-startStop-1] org.apache.jasper.servlet.TldScanner.scanJars ц╗б┤бЁц╔б╟б▒ц╕б°б┴ц╓б╦б─ц╓б╦б╙JARц╗б╒б╚ц╕б┴б╚ц╕б▐б▐ц╖б■б╗ц╓б╨б▌TLDц╓б╫б├ц╔б╟б ц╕б°б╙ц╔б▄б┘ц╔б░б╚TLDцёб─б┌ ц╓б╦б╨ц╕б╜б╓ц╗б╝б╟ц╔б╫б∙ц╔б≥б╗ц╔б░б╞ц╖б■б╗ц╗б╟б┐ц╗б╞б∙ц╕б≈б╔ц╔б©б≈ц╗б╝б╟ц╔б╫б∙ц╞б╪б▄ц╓б╩б╔ц╗б▌б╥ц╔б▐б√ц╔б╥б╡ц╕б┴б╚ц╕б▐б▐ц╓б╫б├ц╕б°б╙ц╔б°б╗ц╔б┘б╤ц╓б╦б╜ц╕б┴б╬ц╔б┬б╟TLDц╖б б└ц╔б╝б▄ц╕б∙б╢JARц╔б┬б≈ц╗б║б╗цёб─б┌ ц╔б°б╗ц╕б┴б╚ц╕б▐б▐ц╕б°б÷ц╘б≈б╢ц╗б╥бЁц╗б©б┤ц╓б╦б█ц╘б°б─ц╗б╕б│ц╖б б└JARц╔б▐б╞ц╓б╩б╔ц╖б╪б╘ц╖б÷б╜ц╔б░б╞ц╔б┼б╗ц╕б≈б╤ц╘б≈б╢ц╔б▓б▄JSPц╖б╪б√ц╗б╞б▒ц╕б≈б╤ц╘б≈б╢цёб─б┌
05-Sep-2021 09:09:18.515 Х╜╕Е▒┼ [localhost-startStop-1] org.apache.catalina.util.SessionIdGeneratorBase.createSecureRandom ц╓б╫б©ц╖б■б╗[SHA1PRNG]ц╔б┬б⌡ц╔б╩б╨ц╓б╪б ц╗б╞б²IDц╖б■б÷ц╕б┬б░ц╖б б└SecureRandomц╔б╝б·ц╓б╬б▀ц╗б┼б╠ц╗б╢б╧ц╓б╨б├[203]ц╕б╞б╚ц╖б╖б▓цёб─б┌
05-Sep-2021 09:09:18.681 Д©║Ф│╞ [localhost-startStop-1] org.apache.catalina.startup.HostConfig.deployDirectory Webц╔б╨б■ц╖б■б╗ц╖б╗б▀ц╔б╨б▐ц╖б⌡б╝ц╔б╫б∙[C:\Users\Chinadaas\test\tomcat\catalina-home\webapps\docs]ц╖б б└ц╘б┐б╗ц╖б╫б╡ц╔б╥б╡ц╔б°б╗[1,686]ц╕б╞б╚ц╖б╖б▓ц╔б├б┘ц╔б╝б▄ц╕б┬б░
05-Sep-2021 09:09:18.681 Д©║Ф│╞ [localhost-startStop-1] org.apache.catalina.startup.HostConfig.deployDirectory ц╕б┼б┼web ц╔б╨б■ц╖б■б╗ц╖б╗б▀ц╔б╨б▐ц╘б┐б╗ц╖б╫б╡ц╔б┬б╟ц╖б⌡б╝ц╔б╫б∙ [C:\Users\Chinadaas\test\tomcat\catalina-home\webapps\examples]
05-Sep-2021 09:09:19.143 пео╒ [localhost-startStop-1] org.apache.jasper.servlet.TldScanner.scanJars ╗╗???║Ц??????????JAR╗╗??????????║╖???TLD????║Ц??????????TLD??? ?????║Х╗╗?║Ц?????║╖?????║╖╗╗║Ц?╗╗????????╗╗?║Ц?????????╗╗?║╓????║╓???????????????║╖???????????║ЦTLD?????????JAR???╗╗?║╖??? ??║╖?????????╗╕??╗╗║╓?╗╗?????╗╕??╗╗?????JAR?????????????????║╖???╗╕?????JSP???╗╗?????╗╕?????
05-Sep-2021 09:09:19.171 Д╦╔И┤█ [localhost-startStop-1] org.apache.catalina.core.StandardContext.startInternal ц╓б╦б─ц╓б╦б╙ц╕б┬б√ц╔б╓б ц╓б╦б╙listenersц╔б░б╞ц╔б┼б╗ц╔б╓б╠ц╗б╢б╔ц╞б╪б▄ц╕б⌡б╢ц╔б╓б ц╗б╞б╕ц╖б╩б├ц╓б©б║ц╕б│б╞ц╕б÷б╔ц╖б°б▀ц╔б╞б╧ц╔б╨б■ц╖б б└ц╔б╝б╧ц╔б≥б╗ц╕б≈б╔ц╔б©б≈ц╕б√б┤ц╓б╩б╤
05-Sep-2021 09:09:19.172 Д╦╔И┤█ [localhost-startStop-1] org.apache.catalina.core.StandardContext.startInternal ц╖б■б╠ц╓б╨б▌ц╓б╧б▀ц╔б┴б█ц╖б б└ц╘б■б≥ц╗б╞б╞ц╞б╪б▄Context[/examples]ц╔б░б╞ц╔б┼б╗ц╔б╓б╠ц╗б╢б╔
05-Sep-2021 09:09:19.194 Д©║Ф│╞ [localhost-startStop-1] org.apache.catalina.startup.HostConfig.deployDirectory Webц╔б╨б■ц╖б■б╗ц╖б╗б▀ц╔б╨б▐ц╖б⌡б╝ц╔б╫б∙[C:\Users\Chinadaas\test\tomcat\catalina-home\webapps\examples]ц╖б б└ц╘б┐б╗ц╖б╫б╡ц╔б╥б╡ц╔б°б╗[513]ц╕б╞б╚ц╖б╖б▓ц╔б├б┘ц╔б╝б▄ц╕б┬б░
05-Sep-2021 09:09:19.194 Д©║Ф│╞ [localhost-startStop-1] org.apache.catalina.startup.HostConfig.deployDirectory ц╕б┼б┼web ц╔б╨б■ц╖б■б╗ц╖б╗б▀ц╔б╨б▐ц╘б┐б╗ц╖б╫б╡ц╔б┬б╟ц╖б⌡б╝ц╔б╫б∙ [C:\Users\Chinadaas\test\tomcat\catalina-home\webapps\host-manager]
05-Sep-2021 09:09:19.284 пео╒ [localhost-startStop-1] org.apache.jasper.servlet.TldScanner.scanJars ╗╗???║Ц??????????JAR╗╗??????????║╖???TLD????║Ц??????????TLD??? ?????║Х╗╗?║Ц?????║╖?????║╖╗╗║Ц?╗╗????????╗╗?║Ц?????????╗╗?║╓????║╓???????????????║╖???????????║ЦTLD?????????JAR???╗╗?║╖??? ??║╖?????????╗╕??╗╗║╓?╗╗?????╗╕??╗╗?????JAR?????????????????║╖???╗╕?????JSP???╗╗?????╗╕?????
05-Sep-2021 09:09:19.339 Д©║Ф│╞ [localhost-startStop-1] org.apache.catalina.startup.HostConfig.deployDirectory Webц╔б╨б■ц╖б■б╗ц╖б╗б▀ц╔б╨б▐ц╖б⌡б╝ц╔б╫б∙[C:\Users\Chinadaas\test\tomcat\catalina-home\webapps\host-manager]ц╖б б└ц╘б┐б╗ц╖б╫б╡ц╔б╥б╡ц╔б°б╗[145]ц╕б╞б╚ц╖б╖б▓ц╔б├б┘ц╔б╝б▄ц╕б┬б░
05-Sep-2021 09:09:19.339 Д©║Ф│╞ [localhost-startStop-1] org.apache.catalina.startup.HostConfig.deployDirectory ц╕б┼б┼web ц╔б╨б■ц╖б■б╗ц╖б╗б▀ц╔б╨б▐ц╘б┐б╗ц╖б╫б╡ц╔б┬б╟ц╖б⌡б╝ц╔б╫б∙ [C:\Users\Chinadaas\test\tomcat\catalina-home\webapps\manager]
05-Sep-2021 09:09:19.434 пео╒ [localhost-startStop-1] org.apache.jasper.servlet.TldScanner.scanJars ╗╗???║Ц??????????JAR╗╗??????????║╖???TLD????║Ц??????????TLD??? ?????║Х╗╗?║Ц?????║╖?????║╖╗╗║Ц?╗╗????????╗╗?║Ц?????????╗╗?║╓????║╓???????????????║╖???????????║ЦTLD?????????JAR???╗╗?║╖??? ??║╖?????????╗╕??╗╗║╓?╗╗?????╗╕??╗╗?????JAR?????????????????║╖???╗╕?????JSP???╗╗?????╗╕?????
05-Sep-2021 09:09:19.436 Д©║Ф│╞ [localhost-startStop-1] org.apache.catalina.startup.HostConfig.deployDirectory Webц╔б╨б■ц╖б■б╗ц╖б╗б▀ц╔б╨б▐ц╖б⌡б╝ц╔б╫б∙[C:\Users\Chinadaas\test\tomcat\catalina-home\webapps\manager]ц╖б б└ц╘б┐б╗ц╖б╫б╡ц╔б╥б╡ц╔б°б╗[96]ц╕б╞б╚ц╖б╖б▓ц╔б├б┘ц╔б╝б▄ц╕б┬б░
05-Sep-2021 09:09:19.436 Д©║Ф│╞ [localhost-startStop-1] org.apache.catalina.startup.HostConfig.deployDirectory ц╕б┼б┼web ц╔б╨б■ц╖б■б╗ц╖б╗б▀ц╔б╨б▐ц╘б┐б╗ц╖б╫б╡ц╔б┬б╟ц╖б⌡б╝ц╔б╫б∙ [C:\Users\Chinadaas\test\tomcat\catalina-home\webapps\ROOT]
05-Sep-2021 09:09:19.508 Д©║Ф│╞ [localhost-startStop-1] org.apache.jasper.servlet.TldScanner.scanJars ц╗б┤бЁц╔б╟б▒ц╕б°б┴ц╓б╦б─ц╓б╦б╙JARц╗б╒б╚ц╕б┴б╚ц╕б▐б▐ц╖б■б╗ц╓б╨б▌TLDц╓б╫б├ц╔б╟б ц╕б°б╙ц╔б▄б┘ц╔б░б╚TLDцёб─б┌ ц╓б╦б╨ц╕б╜б╓ц╗б╝б╟ц╔б╫б∙ц╔б≥б╗ц╔б░б╞ц╖б■б╗ц╗б╟б┐ц╗б╞б∙ц╕б≈б╔ц╔б©б≈ц╗б╝б╟ц╔б╫б∙ц╞б╪б▄ц╓б╩б╔ц╗б▌б╥ц╔б▐б√ц╔б╥б╡ц╕б┴б╚ц╕б▐б▐ц╓б╫б├ц╕б°б╙ц╔б°б╗ц╔б┘б╤ц╓б╦б╜ц╕б┴б╬ц╔б┬б╟TLDц╖б б└ц╔б╝б▄ц╕б∙б╢JARц╔б┬б≈ц╗б║б╗цёб─б┌ ц╔б°б╗ц╕б┴б╚ц╕б▐б▐ц╕б°б÷ц╘б≈б╢ц╗б╥бЁц╗б©б┤ц╓б╦б█ц╘б°б─ц╗б╕б│ц╖б б└JARц╔б▐б╞ц╓б╩б╔ц╖б╪б╘ц╖б÷б╜ц╔б░б╞ц╔б┼б╗ц╕б≈б╤ц╘б≈б╢ц╔б▓б▄JSPц╖б╪б√ц╗б╞б▒ц╕б≈б╤ц╘б≈б╢цёб─б┌
05-Sep-2021 09:09:19.509 Д©║Ф│╞ [localhost-startStop-1] org.apache.catalina.startup.HostConfig.deployDirectory Webц╔б╨б■ц╖б■б╗ц╖б╗б▀ц╔б╨б▐ц╖б⌡б╝ц╔б╫б∙[C:\Users\Chinadaas\test\tomcat\catalina-home\webapps\ROOT]ц╖б б└ц╘б┐б╗ц╖б╫б╡ц╔б╥б╡ц╔б°б╗[73]ц╕б╞б╚ц╖б╖б▓ц╔б├б┘ц╔б╝б▄ц╕б┬б░
05-Sep-2021 09:09:19.525 Д©║Ф│╞ [main] org.apache.coyote.AbstractProtocol.start ц╔б╪б─ц╔б╖б▀ц╔б█б▐ц╗б╝б╝ц╔б╓б└ц╖б░б├ц╔б▐б╔ц╕б÷б└["http-nio-8080"]
05-Sep-2021 09:09:19.590 Д©║Ф│╞ [main] org.apache.catalina.startup.Catalina.start Server startup in 2839 ms
05-Sep-2021 09:10:47.743 Д©║Ф│╞ [Thread-4] org.apache.coyote.AbstractProtocol.pause ц╕б б┌ц╔б│б°ProtocolHandler["http-nio-8080"]
05-Sep-2021 09:10:48.017 Д©║Ф│╞ [Thread-4] org.apache.catalina.core.StandardService.stopInternal ц╕б╜бёц╔б°б╗ц╔б│б°ц╕б╜б╒ц╕б°б█ц╔б┼б║[Catalina]
05-Sep-2021 09:10:48.049 Д©║Ф│╞ [Thread-4] org.apache.coyote.AbstractProtocol.stop ц╕б╜бёц╔б°б╗ц╔б│б°ц╕б╜б╒ProtocolHandler ["http-nio-8080"]
05-Sep-2021 09:10:48.052 Д©║Ф│╞ [Thread-4] org.apache.coyote.AbstractProtocol.destroy ц╕б╜бёц╔б°б╗ц╕б▒б╖ц╕б╞б│ц╔б█б▐ц╗б╝б╝ц╔б╓б└ц╖б░б├ц╔б≥б╗ ["http-nio-8080"]
05-Sep-2021 09:11:01.562 Д©║Ф│╞ [main] org.apache.catalina.startup.VersionLoggerListener.log Server.ц╕б°б█ц╔б┼б║ц╔б≥б╗ц╖б┴б┬ц╕б°б╛: Apache Tomcat/@VERSION@
05-Sep-2021 09:11:01.566 Д©║Ф│╞ [main] org.apache.catalina.startup.VersionLoggerListener.log ц╕б°б█ц╔б┼б║ц╔б≥б╗ц╕б·б└ц╔б╩б╨:        @VERSION_BUILT@
05-Sep-2021 09:11:01.566 Д©║Ф│╞ [main] org.apache.catalina.startup.VersionLoggerListener.log ц╕б°б█ц╔б┼б║ц╔б≥б╗ц╖б┴б┬ц╕б°б╛ц╔б▐б╥:      @VERSION_NUMBER@
05-Sep-2021 09:11:01.566 Д©║Ф│╞ [main] org.apache.catalina.startup.VersionLoggerListener.log ц╕б⌠б█ц╓б╫б°ц╖бЁб╩ц╖б╩б÷ц╔б░б█ц╖б╖б╟:      Windows 10
05-Sep-2021 09:11:01.566 Д©║Ф│╞ [main] org.apache.catalina.startup.VersionLoggerListener.log OS.ц╖б┴б┬ц╕б°б╛:           10.0
05-Sep-2021 09:11:01.566 Д©║Ф│╞ [main] org.apache.catalina.startup.VersionLoggerListener.log ц╕б·б╤ц╕б·б└:              amd64
05-Sep-2021 09:11:01.567 Д©║Ф│╞ [main] org.apache.catalina.startup.VersionLoggerListener.log Java ц╖б▌б╞ц╔б╒б┐ц╔б▐б≤ц╘б┤б▐:     C:\Users\Chinadaas\Downloads\jdk1.8.0_71\jdk1.8.0_71_bak\jre
05-Sep-2021 09:11:01.567 Д©║Ф│╞ [main] org.apache.catalina.startup.VersionLoggerListener.log Javaц╗б≥б ц╕б▀б÷ц╕б°б╨ц╖б┴б┬ц╕б°б╛:    1.8.0_71-b15
05-Sep-2021 09:11:01.567 Д©║Ф│╞ [main] org.apache.catalina.startup.VersionLoggerListener.log JVM.ц╓б╬б⌡ц╔б╨б■ц╔б∙б├:        Oracle Corporation
05-Sep-2021 09:11:01.567 Д©║Ф│╞ [main] org.apache.catalina.startup.VersionLoggerListener.log CATALINA_BASE:     C:\Users\Chinadaas\test\tomcat\catalina-home
05-Sep-2021 09:11:01.567 Д©║Ф│╞ [main] org.apache.catalina.startup.VersionLoggerListener.log CATALINA_HOME:     C:\Users\Chinadaas\test\tomcat\catalina-home
05-Sep-2021 09:11:01.567 Д©║Ф│╞ [main] org.apache.catalina.startup.VersionLoggerListener.log ц╔б▒б╫ц╓б╩б╓ц╗б║б▄ц╔б▐б┌ц╕б∙б╟ц╞б╪б        -agentlib:jdwp=transport=dt_socket,address=127.0.0.1:52950,suspend=y,server=n
05-Sep-2021 09:11:01.567 Д©║Ф│╞ [main] org.apache.catalina.startup.VersionLoggerListener.log ц╔б▒б╫ц╓б╩б╓ц╗б║б▄ц╔б▐б┌ц╕б∙б╟ц╞б╪б        -Dvisualvm.id=4696963626200
05-Sep-2021 09:11:01.567 Д©║Ф│╞ [main] org.apache.catalina.startup.VersionLoggerListener.log ц╔б▒б╫ц╓б╩б╓ц╗б║б▄ц╔б▐б┌ц╕б∙б╟ц╞б╪б        -Dcatalina.home=catalina-home
05-Sep-2021 09:11:01.567 Д©║Ф│╞ [main] org.apache.catalina.startup.VersionLoggerListener.log ц╔б▒б╫ц╓б╩б╓ц╗б║б▄ц╔б▐б┌ц╕б∙б╟ц╞б╪б        -Dcatalina.base=catalina-home
05-Sep-2021 09:11:01.567 Д©║Ф│╞ [main] org.apache.catalina.startup.VersionLoggerListener.log ц╔б▒б╫ц╓б╩б╓ц╗б║б▄ц╔б▐б┌ц╕б∙б╟ц╞б╪б        -Djava.endorsed.dirs=catalina-home/endorsed
05-Sep-2021 09:11:01.568 Д©║Ф│╞ [main] org.apache.catalina.startup.VersionLoggerListener.log ц╔б▒б╫ц╓б╩б╓ц╗б║б▄ц╔б▐б┌ц╕б∙б╟ц╞б╪б        -Djava.io.tmpdir=catalina-home/temp
05-Sep-2021 09:11:01.568 Д©║Ф│╞ [main] org.apache.catalina.startup.VersionLoggerListener.log ц╔б▒б╫ц╓б╩б╓ц╗б║б▄ц╔б▐б┌ц╕б∙б╟ц╞б╪б        -Djava.util.logging.manager=org.apache.juli.ClassLoaderLogManager
05-Sep-2021 09:11:01.568 Д©║Ф│╞ [main] org.apache.catalina.startup.VersionLoggerListener.log ц╔б▒б╫ц╓б╩б╓ц╗б║б▄ц╔б▐б┌ц╕б∙б╟ц╞б╪б        -Djava.util.logging.config.file=catalina-home/conf/logging.properties
05-Sep-2021 09:11:01.568 Д©║Ф│╞ [main] org.apache.catalina.startup.VersionLoggerListener.log ц╔б▒б╫ц╓б╩б╓ц╗б║б▄ц╔б▐б┌ц╕б∙б╟ц╞б╪б        -Dfile.encoding=UTF-8
05-Sep-2021 09:11:01.568 Д©║Ф│╞ [main] org.apache.catalina.startup.VersionLoggerListener.log ц╔б▒б╫ц╓б╩б╓ц╗б║б▄ц╔б▐б┌ц╕б∙б╟ц╞б╪б        -javaagent:C:\Users\Chinadaas\AppData\Local\JetBrains\IntelliJIdea2021.1\captureAgent\debugger-agent.jar
05-Sep-2021 09:11:01.568 Д©║Ф│╞ [main] org.apache.catalina.core.AprLifecycleListener.lifecycleEvent ц╔б°б╗java.library.path:[C:\Users\Chinadaas\Downloads\jdk1.8.0_71\jdk1.8.0_71_bak\bin;C:\WINDOWS\Sun\Java\bin;C:\WINDOWS\system32;C:\WINDOWS;C:\WINDOWS\system32;C:\WINDOWS;C:\WINDOWS\System32\Wbem;C:\WINDOWS\System32\WindowsPowerShell\v1.0\;C:\WINDOWS\System32\OpenSSH\;C:\Program Files\Git\cmd;C:\Program Files\TortoiseGit\bin;C:\Program Files\Intel\WiFi\bin\;C:\Program Files\Common Files\Intel\WirelessCommon\;C:\Program Files\MySQL\MySQL Server 5.5\bin;C:\Users\Chinadaas\Downloads\apache-maven-3.6.0-bin\apache-maven-3.6.0\bin;C:\Program Files (x86)\Windows Kits\8.1\Windows Performance Toolkit\;C:\Program Files\nodejs\;C:\Program Files\gradle-5.6.4-bin\gradle-5.6.4\bin;C:\Users\Chinadaas\programs\go\bin;C:\Program Files\Java\jdk1.8.0_71_bak\bin;C:\Users\Chinadaas\AppData\Local\Programs\Python\Python39\Scripts\;C:\Users\Chinadaas\AppData\Local\Programs\Python\Python39\;C:\Users\Chinadaas\AppData\Local\Microsoft\WindowsApps;C:\Program Files\Intel\WiFi\bin\;C:\Program Files\Common Files\Intel\WirelessCommon\;C:\Program Files\Java\jdk1.7.0_71\bin;C:\Program Files\Java\jdk1.7.0_71\jre\bin;C:\Program Files\Microsoft VS Code\bin;C:\Users\Chinadaas\AppData\Local\BypassRuntm;C:\Users\Chinadaas\AppData\Local\Microsoft\WindowsApps;C:\Users\Chinadaas\AppData\Roaming\npm;.]ц╓б╦б┼ц╕б┴б╬ц╓б╦б█ц╔б┬б╟ц╔б÷б╨ц╓б╨б▌APRц╖б б└Apache Tomcatц╕б°б╛ц╕б°б╨ц╔б╨б⌠ц╞б╪б▄ц╗б╞б╔ц╔б╨б⌠ц╔б┘б│ц╗б╝б╦ц╔б°б╗ц╖б■б÷ц╓б╨б╖ц╖б▌б╞ц╔б╒б┐ц╓б╦б╜ц╗б▌б╥ц╔б╬б≈ц╕б°б─ц╓б╫бЁц╕б─б╖ц╗б┐б╫
05-Sep-2021 09:11:01.644 Д©║Ф│╞ [main] org.apache.coyote.AbstractProtocol.init ц╔б┬б²ц╔б╖б▀ц╔б▄б√ц╔б█б▐ц╗б╝б╝ц╔б╓б└ц╖б░б├ц╔б≥б╗ ["http-nio-8080"]
05-Sep-2021 09:11:01.699 Д©║Ф│╞ [main] org.apache.tomcat.util.net.NioSelectorPool.getSharedSelector Using a shared selector for servlet write/read
05-Sep-2021 09:11:01.709 Д©║Ф│╞ [main] org.apache.catalina.startup.Catalina.load Initialization processed in 464 ms
05-Sep-2021 09:11:01.738 Д©║Ф│╞ [main] org.apache.catalina.core.StandardService.startInternal ц╕б╜бёц╔б°б╗ц╔б░б╞ц╔б┼б╗ц╕б°б█ц╔б┼б║[Catalina]
05-Sep-2021 09:11:01.738 Д©║Ф│╞ [main] org.apache.catalina.core.StandardEngine.startInternal ц╕б╜бёц╔б°б╗ц╔б░б╞ц╔б┼б╗ Servlet ц╔б╪б∙ц╕б⌠б▌ц╞б╪б [Apache Tomcat/@VERSION@]
05-Sep-2021 09:11:01.769 Д©║Ф│╞ [localhost-startStop-1] org.apache.catalina.startup.HostConfig.deployDirectory ц╕б┼б┼web ц╔б╨б■ц╖б■б╗ц╖б╗б▀ц╔б╨б▐ц╘б┐б╗ц╖б╫б╡ц╔б┬б╟ц╖б⌡б╝ц╔б╫б∙ [C:\Users\Chinadaas\test\tomcat\catalina-home\webapps\docs]
05-Sep-2021 09:11:02.076 Д©║Ф│╞ [localhost-startStop-1] org.apache.jasper.servlet.TldScanner.scanJars ц╗б┤бЁц╔б╟б▒ц╕б°б┴ц╓б╦б─ц╓б╦б╙JARц╗б╒б╚ц╕б┴б╚ц╕б▐б▐ц╖б■б╗ц╓б╨б▌TLDц╓б╫б├ц╔б╟б ц╕б°б╙ц╔б▄б┘ц╔б░б╚TLDцёб─б┌ ц╓б╦б╨ц╕б╜б╓ц╗б╝б╟ц╔б╫б∙ц╔б≥б╗ц╔б░б╞ц╖б■б╗ц╗б╟б┐ц╗б╞б∙ц╕б≈б╔ц╔б©б≈ц╗б╝б╟ц╔б╫б∙ц╞б╪б▄ц╓б╩б╔ц╗б▌б╥ц╔б▐б√ц╔б╥б╡ц╕б┴б╚ц╕б▐б▐ц╓б╫б├ц╕б°б╙ц╔б°б╗ц╔б┘б╤ц╓б╦б╜ц╕б┴б╬ц╔б┬б╟TLDц╖б б└ц╔б╝б▄ц╕б∙б╢JARц╔б┬б≈ц╗б║б╗цёб─б┌ ц╔б°б╗ц╕б┴б╚ц╕б▐б▐ц╕б°б÷ц╘б≈б╢ц╗б╥бЁц╗б©б┤ц╓б╦б█ц╘б°б─ц╗б╕б│ц╖б б└JARц╔б▐б╞ц╓б╩б╔ц╖б╪б╘ц╖б÷б╜ц╔б░б╞ц╔б┼б╗ц╕б≈б╤ц╘б≈б╢ц╔б▓б▄JSPц╖б╪б√ц╗б╞б▒ц╕б≈б╤ц╘б≈б╢цёб─б┌
05-Sep-2021 09:11:02.285 Х╜╕Е▒┼ [localhost-startStop-1] org.apache.catalina.util.SessionIdGeneratorBase.createSecureRandom ц╓б╫б©ц╖б■б╗[SHA1PRNG]ц╔б┬б⌡ц╔б╩б╨ц╓б╪б ц╗б╞б²IDц╖б■б÷ц╕б┬б░ц╖б б└SecureRandomц╔б╝б·ц╓б╬б▀ц╗б┼б╠ц╗б╢б╧ц╓б╨б├[205]ц╕б╞б╚ц╖б╖б▓цёб─б┌
05-Sep-2021 09:11:02.302 Д©║Ф│╞ [localhost-startStop-1] org.apache.catalina.startup.HostConfig.deployDirectory Webц╔б╨б■ц╖б■б╗ц╖б╗б▀ц╔б╨б▐ц╖б⌡б╝ц╔б╫б∙[C:\Users\Chinadaas\test\tomcat\catalina-home\webapps\docs]ц╖б б└ц╘б┐б╗ц╖б╫б╡ц╔б╥б╡ц╔б°б╗[533]ц╕б╞б╚ц╖б╖б▓ц╔б├б┘ц╔б╝б▄ц╕б┬б░
05-Sep-2021 09:11:02.303 Д©║Ф│╞ [localhost-startStop-1] org.apache.catalina.startup.HostConfig.deployDirectory ц╕б┼б┼web ц╔б╨б■ц╖б■б╗ц╖б╗б▀ц╔б╨б▐ц╘б┐б╗ц╖б╫б╡ц╔б┬б╟ц╖б⌡б╝ц╔б╫б∙ [C:\Users\Chinadaas\test\tomcat\catalina-home\webapps\examples]
05-Sep-2021 09:11:02.459 пео╒ [localhost-startStop-1] org.apache.jasper.servlet.TldScanner.scanJars ╗╗???║Ц??????????JAR╗╗??????????║╖???TLD????║Ц??????????TLD??? ?????║Х╗╗?║Ц?????║╖?????║╖╗╗║Ц?╗╗????????╗╗?║Ц?????????╗╗?║╓????║╓???????????????║╖???????????║ЦTLD?????????JAR???╗╗?║╖??? ??║╖?????????╗╕??╗╗║╓?╗╗?????╗╕??╗╗?????JAR?????????????????║╖???╗╕?????JSP???╗╗?????╗╕?????
05-Sep-2021 09:11:02.471 Д╦╔И┤█ [localhost-startStop-1] org.apache.catalina.core.StandardContext.startInternal ц╓б╦б─ц╓б╦б╙ц╕б┬б√ц╔б╓б ц╓б╦б╙listenersц╔б░б╞ц╔б┼б╗ц╔б╓б╠ц╗б╢б╔ц╞б╪б▄ц╕б⌡б╢ц╔б╓б ц╗б╞б╕ц╖б╩б├ц╓б©б║ц╕б│б╞ц╕б÷б╔ц╖б°б▀ц╔б╞б╧ц╔б╨б■ц╖б б└ц╔б╝б╧ц╔б≥б╗ц╕б≈б╔ц╔б©б≈ц╕б√б┤ц╓б╩б╤
05-Sep-2021 09:11:02.471 Д╦╔И┤█ [localhost-startStop-1] org.apache.catalina.core.StandardContext.startInternal ц╖б■б╠ц╓б╨б▌ц╓б╧б▀ц╔б┴б█ц╖б б└ц╘б■б≥ц╗б╞б╞ц╞б╪б▄Context[/examples]ц╔б░б╞ц╔б┼б╗ц╔б╓б╠ц╗б╢б╔
05-Sep-2021 09:11:02.477 Д©║Ф│╞ [localhost-startStop-1] org.apache.catalina.startup.HostConfig.deployDirectory Webц╔б╨б■ц╖б■б╗ц╖б╗б▀ц╔б╨б▐ц╖б⌡б╝ц╔б╫б∙[C:\Users\Chinadaas\test\tomcat\catalina-home\webapps\examples]ц╖б б└ц╘б┐б╗ц╖б╫б╡ц╔б╥б╡ц╔б°б╗[175]ц╕б╞б╚ц╖б╖б▓ц╔б├б┘ц╔б╝б▄ц╕б┬б░
05-Sep-2021 09:11:02.478 Д©║Ф│╞ [localhost-startStop-1] org.apache.catalina.startup.HostConfig.deployDirectory ц╕б┼б┼web ц╔б╨б■ц╖б■б╗ц╖б╗б▀ц╔б╨б▐ц╘б┐б╗ц╖б╫б╡ц╔б┬б╟ц╖б⌡б╝ц╔б╫б∙ [C:\Users\Chinadaas\test\tomcat\catalina-home\webapps\host-manager]
05-Sep-2021 09:11:02.553 пео╒ [localhost-startStop-1] org.apache.jasper.servlet.TldScanner.scanJars ╗╗???║Ц??????????JAR╗╗??????????║╖???TLD????║Ц??????????TLD??? ?????║Х╗╗?║Ц?????║╖?????║╖╗╗║Ц?╗╗????????╗╗?║Ц?????????╗╗?║╓????║╓???????????????║╖???????????║ЦTLD?????????JAR???╗╗?║╖??? ??║╖?????????╗╕??╗╗║╓?╗╗?????╗╕??╗╗?????JAR?????????????????║╖???╗╕?????JSP???╗╗?????╗╕?????
05-Sep-2021 09:11:02.561 Д©║Ф│╞ [localhost-startStop-1] org.apache.catalina.startup.HostConfig.deployDirectory Webц╔б╨б■ц╖б■б╗ц╖б╗б▀ц╔б╨б▐ц╖б⌡б╝ц╔б╫б∙[C:\Users\Chinadaas\test\tomcat\catalina-home\webapps\host-manager]ц╖б б└ц╘б┐б╗ц╖б╫б╡ц╔б╥б╡ц╔б°б╗[84]ц╕б╞б╚ц╖б╖б▓ц╔б├б┘ц╔б╝б▄ц╕б┬б░
05-Sep-2021 09:11:02.561 Д©║Ф│╞ [localhost-startStop-1] org.apache.catalina.startup.HostConfig.deployDirectory ц╕б┼б┼web ц╔б╨б■ц╖б■б╗ц╖б╗б▀ц╔б╨б▐ц╘б┐б╗ц╖б╫б╡ц╔б┬б╟ц╖б⌡б╝ц╔б╫б∙ [C:\Users\Chinadaas\test\tomcat\catalina-home\webapps\manager]
05-Sep-2021 09:11:02.648 пео╒ [localhost-startStop-1] org.apache.jasper.servlet.TldScanner.scanJars ╗╗???║Ц??????????JAR╗╗??????????║╖???TLD????║Ц??????????TLD??? ?????║Х╗╗?║Ц?????║╖?????║╖╗╗║Ц?╗╗????????╗╗?║Ц?????????╗╗?║╓????║╓???????????????║╖???????????║ЦTLD?????????JAR???╗╗?║╖??? ??║╖?????????╗╕??╗╗║╓?╗╗?????╗╕??╗╗?????JAR?????????????????║╖???╗╕?????JSP???╗╗?????╗╕?????
05-Sep-2021 09:11:02.650 Д©║Ф│╞ [localhost-startStop-1] org.apache.catalina.startup.HostConfig.deployDirectory Webц╔б╨б■ц╖б■б╗ц╖б╗б▀ц╔б╨б▐ц╖б⌡б╝ц╔б╫б∙[C:\Users\Chinadaas\test\tomcat\catalina-home\webapps\manager]ц╖б б└ц╘б┐б╗ц╖б╫б╡ц╔б╥б╡ц╔б°б╗[89]ц╕б╞б╚ц╖б╖б▓ц╔б├б┘ц╔б╝б▄ц╕б┬б░
05-Sep-2021 09:11:02.650 Д©║Ф│╞ [localhost-startStop-1] org.apache.catalina.startup.HostConfig.deployDirectory ц╕б┼б┼web ц╔б╨б■ц╖б■б╗ц╖б╗б▀ц╔б╨б▐ц╘б┐б╗ц╖б╫б╡ц╔б┬б╟ц╖б⌡б╝ц╔б╫б∙ [C:\Users\Chinadaas\test\tomcat\catalina-home\webapps\ROOT]
05-Sep-2021 09:11:02.725 Д©║Ф│╞ [localhost-startStop-1] org.apache.jasper.servlet.TldScanner.scanJars ц╗б┤бЁц╔б╟б▒ц╕б°б┴ц╓б╦б─ц╓б╦б╙JARц╗б╒б╚ц╕б┴б╚ц╕б▐б▐ц╖б■б╗ц╓б╨б▌TLDц╓б╫б├ц╔б╟б ц╕б°б╙ц╔б▄б┘ц╔б░б╚TLDцёб─б┌ ц╓б╦б╨ц╕б╜б╓ц╗б╝б╟ц╔б╫б∙ц╔б≥б╗ц╔б░б╞ц╖б■б╗ц╗б╟б┐ц╗б╞б∙ц╕б≈б╔ц╔б©б≈ц╗б╝б╟ц╔б╫б∙ц╞б╪б▄ц╓б╩б╔ц╗б▌б╥ц╔б▐б√ц╔б╥б╡ц╕б┴б╚ц╕б▐б▐ц╓б╫б├ц╕б°б╙ц╔б°б╗ц╔б┘б╤ц╓б╦б╜ц╕б┴б╬ц╔б┬б╟TLDц╖б б└ц╔б╝б▄ц╕б∙б╢JARц╔б┬б≈ц╗б║б╗цёб─б┌ ц╔б°б╗ц╕б┴б╚ц╕б▐б▐ц╕б°б÷ц╘б≈б╢ц╗б╥бЁц╗б©б┤ц╓б╦б█ц╘б°б─ц╗б╕б│ц╖б б└JARц╔б▐б╞ц╓б╩б╔ц╖б╪б╘ц╖б÷б╜ц╔б░б╞ц╔б┼б╗ц╕б≈б╤ц╘б≈б╢ц╔б▓б▄JSPц╖б╪б√ц╗б╞б▒ц╕б≈б╤ц╘б≈б╢цёб─б┌
05-Sep-2021 09:11:02.726 Д©║Ф│╞ [localhost-startStop-1] org.apache.catalina.startup.HostConfig.deployDirectory Webц╔б╨б■ц╖б■б╗ц╖б╗б▀ц╔б╨б▐ц╖б⌡б╝ц╔б╫б∙[C:\Users\Chinadaas\test\tomcat\catalina-home\webapps\ROOT]ц╖б б└ц╘б┐б╗ц╖б╫б╡ц╔б╥б╡ц╔б°б╗[76]ц╕б╞б╚ц╖б╖б▓ц╔б├б┘ц╔б╝б▄ц╕б┬б░
05-Sep-2021 09:11:02.729 Д©║Ф│╞ [main] org.apache.coyote.AbstractProtocol.start ц╔б╪б─ц╔б╖б▀ц╔б█б▐ц╗б╝б╝ц╔б╓б└ц╖б░б├ц╔б▐б╔ц╕б÷б└["http-nio-8080"]
05-Sep-2021 09:11:02.737 Д©║Ф│╞ [main] org.apache.catalina.startup.Catalina.start Server startup in 1027 ms
05-Sep-2021 09:11:40.992 Д©║Ф│╞ [Thread-4] org.apache.coyote.AbstractProtocol.pause ц╕б б┌ц╔б│б°ProtocolHandler["http-nio-8080"]
05-Sep-2021 09:11:41.211 Д©║Ф│╞ [Thread-4] org.apache.catalina.core.StandardService.stopInternal ц╕б╜бёц╔б°б╗ц╔б│б°ц╕б╜б╒ц╕б°б█ц╔б┼б║[Catalina]
05-Sep-2021 09:11:41.221 Д©║Ф│╞ [Thread-4] org.apache.coyote.AbstractProtocol.stop ц╕б╜бёц╔б°б╗ц╔б│б°ц╕б╜б╒ProtocolHandler ["http-nio-8080"]
05-Sep-2021 09:11:41.222 Д©║Ф│╞ [Thread-4] org.apache.coyote.AbstractProtocol.destroy ц╕б╜бёц╔б°б╗ц╕б▒б╖ц╕б╞б│ц╔б█б▐ц╗б╝б╝ц╔б╓б└ц╖б░б├ц╔б≥б╗ ["http-nio-8080"]
